20:31:27.020 WARN  Property 'sonar.working.directory' with value '/tmp/.scannerwork' is overridden with value 'review/sonarqube/20260707233106/.scannerwork'
20:31:27.042 INFO  Scanner configuration file: /opt/sonar-scanner/conf/sonar-scanner.properties
20:31:27.043 INFO  Project root configuration file: NONE
20:31:27.079 INFO  SonarScanner CLI 8.0.1.6346
20:31:27.107 INFO  Linux 6.12.54-linuxkit amd64
20:31:28.936 INFO  Communicating with SonarQube Server 9.9.8.100196
20:31:30.347 INFO  Load global settings
20:31:30.442 INFO  Load global settings (done) | time=99ms
20:31:30.445 INFO  Server id: 147B411E-AZ8-N-QvNeEQPfIqUWTf
20:31:30.476 INFO  User cache: /tmp/sonar-user-home/cache
20:31:30.490 INFO  Load/download plugins
20:31:30.490 INFO  Load plugins index
20:31:30.555 INFO  Load plugins index (done) | time=65ms
20:31:32.348 INFO  Load/download plugins (done) | time=1858ms
20:31:33.035 INFO  Process project properties
20:31:33.043 INFO  Process project properties (done) | time=8ms
20:31:33.052 INFO  Execute project builders
20:31:33.054 INFO  Execute project builders (done) | time=2ms
20:31:33.061 INFO  Project key: clinical-platform
20:31:33.061 INFO  Base dir: /usr/src
20:31:33.061 INFO  Working dir: /usr/src/review/sonarqube/20260707233106/.scannerwork
20:31:33.077 INFO  Load project settings for component key: 'clinical-platform'
20:31:33.132 INFO  Load project settings for component key: 'clinical-platform' (done) | time=55ms
20:31:33.578 WARN  SCM provider autodetection failed. Please use "sonar.scm.provider" to define SCM of your project, or disable the SCM Sensor in the project settings.
20:31:33.604 INFO  Load quality profiles
20:31:33.710 INFO  Load quality profiles (done) | time=107ms
20:31:33.740 INFO  Load active rules
20:31:35.360 INFO  Load active rules (done) | time=1619ms
20:31:35.375 INFO  Load analysis cache
20:31:35.419 INFO  Load analysis cache | time=44ms
20:31:35.550 INFO  Load project repositories
20:31:35.591 INFO  Load project repositories (done) | time=41ms
20:31:35.660 INFO  Indexing files...
20:31:35.661 INFO  Project configuration:
20:31:35.661 INFO    Excluded sources: **/.git/**, **/.idea/**, **/.vscode/**, **/.angular/**, **/node_modules/**, **/dist/**, **/build/**, **/coverage/**, **/target/**, **/.scannerwork/**, **/tmp/**, **/logs/**, documentation/**, materials/**, helm-charts/**/templates/**, review/results/**, review/sonarqube/**, **/Dockerfile, **/Dockerfile.*, **/docker-compose*.yml, docker/**, terraform/**/.terraform/**, run-reviews.sh/**, purge-data.sh/**, **/src/test/**, **/*.spec.ts, **/*.spec.tsx, **/*.test.ts, **/*.test.tsx, **/*.spec.js, **/*.test.js
20:31:35.662 INFO    Included tests: **/src/test/**, **/*.spec.ts, **/*.spec.tsx, **/*.test.ts, **/*.test.tsx, **/*.spec.js, **/*.test.js
20:31:35.662 INFO    Excluded sources for coverage: **/.git/**, **/.idea/**, **/.vscode/**, **/.angular/**, **/node_modules/**, **/dist/**, **/build/**, **/coverage/**, **/target/**, **/.scannerwork/**, **/tmp/**, **/logs/**, documentation/**, materials/**, helm-charts/**/templates/**, review/results/**, review/sonarqube/**, **/Dockerfile, **/Dockerfile.*, **/docker-compose*.yml, docker/**, terraform/**/.terraform/**, run-reviews.sh/**, purge-data.sh/**
20:31:35.662 INFO    Excluded sources for duplication: documentation/**, materials/**
20:31:45.664 INFO  64 files indexed...  (last one was configuration-frontend/tsconfig.app.json)
20:31:55.666 INFO  170 files indexed...  (last one was lightweight-emr-frontend/tsconfig.app.json)
20:32:05.669 INFO  495 files indexed...  (last one was atna-fhir-frontend/tsconfig.app.json)
20:32:15.671 INFO  716 files indexed...  (last one was registry-backend/src/main/java/com/nologo/application/register/service/FhirConsentClient.java)
20:32:25.673 INFO  749 files indexed...  (last one was testing/integration-service/src/test/java/com/nologo/application/it/RemoteControlEndToEndIT.java)
20:32:33.893 INFO  764 files indexed
20:32:33.893 INFO  408090 files ignored because of inclusion/exclusion patterns
20:32:33.910 INFO  Quality profile for css: Sonar way
20:32:33.910 INFO  Quality profile for java: Sonar way
20:32:33.910 INFO  Quality profile for js: Sonar way
20:32:33.910 INFO  Quality profile for json: Sonar way
20:32:33.910 INFO  Quality profile for ts: Sonar way
20:32:33.910 INFO  Quality profile for web: Sonar way
20:32:33.910 INFO  Quality profile for xml: Sonar way
20:32:33.910 INFO  Quality profile for yaml: Sonar way
20:32:33.911 INFO  ------------- Run sensors on module Clinical Platform
20:32:34.099 INFO  Load metrics repository
20:32:34.189 INFO  Load metrics repository (done) | time=89ms
20:32:35.952 INFO  Sensor JavaSensor [java]
20:32:35.966 INFO  Configured Java source version (sonar.java.source): none
20:32:35.975 INFO  JavaClasspath initialization
20:32:35.986 INFO  JavaClasspath initialization (done) | time=11ms
20:32:35.986 INFO  JavaTestClasspath initialization
20:32:35.990 INFO  JavaTestClasspath initialization (done) | time=3ms
20:32:36.010 INFO  Server-side caching is enabled. The Java analyzer will not try to leverage data from a previous analysis.
20:32:36.020 INFO  Using ECJ batch to parse 253 Main java source files with batch size 104 KB.
20:32:36.260 INFO  Starting batch processing.
20:32:37.066 INFO  The Java analyzer cannot skip unchanged files in this context. A full analysis is performed for all files.
20:32:46.264 INFO  8% analyzed
20:33:20.940 INFO  100% analyzed
20:33:20.941 INFO  Batch processing: Done.
20:33:20.942 INFO  Did not optimize analysis for any files, performed a full analysis for all 253 files.
20:33:20.977 WARN  Dependencies/libraries were not provided for analysis of SOURCE files. The 'sonar.java.libraries' property is empty. Verify your configuration, as you might end up with less precise results.
20:33:20.978 WARN  Dependencies/libraries were not provided for analysis of TEST files. The 'sonar.java.test.libraries' property is empty. Verify your configuration, as you might end up with less precise results.
20:33:20.993 WARN  Unresolved imports/types have been detected during analysis. Enable DEBUG mode to see them.
20:33:20.996 WARN  Use of preview features have been detected during analysis. Enable DEBUG mode to see them.
20:33:20.998 INFO  Using ECJ batch to parse 22 Test java source files with batch size 104 KB.
20:33:21.039 INFO  Starting batch processing.
20:33:23.152 INFO  100% analyzed
20:33:23.154 INFO  Batch processing: Done.
20:33:23.155 INFO  Did not optimize analysis for any files, performed a full analysis for all 22 files.
20:33:23.158 WARN  Unresolved imports/types have been detected during analysis. Enable DEBUG mode to see them.
20:33:23.161 WARN  Use of preview features have been detected during analysis. Enable DEBUG mode to see them.
20:33:23.162 INFO  No "Generated" source files to scan.
20:33:23.162 INFO  Sensor JavaSensor [java] (done) | time=47211ms
20:33:23.163 INFO  Sensor JaCoCo XML Report Importer [jacoco]
20:33:23.178 INFO  'sonar.coverage.jacoco.xmlReportPaths' is not defined. Using default locations: target/site/jacoco/jacoco.xml,target/site/jacoco-it/jacoco.xml,build/reports/jacoco/test/jacocoTestReport.xml
20:33:23.181 INFO  No report imported, no coverage information will be imported by JaCoCo XML Report Importer
20:33:23.181 INFO  Sensor JaCoCo XML Report Importer [jacoco] (done) | time=18ms
20:33:23.181 INFO  Sensor IaC CloudFormation Sensor [iac]
20:33:23.540 INFO  0 source files to be analyzed
20:33:23.681 INFO  0/0 source files have been analyzed
20:33:23.682 INFO  Sensor IaC CloudFormation Sensor [iac] (done) | time=501ms
20:33:23.682 INFO  Sensor IaC Kubernetes Sensor [iac]
20:33:23.785 INFO  0 source files to be analyzed
20:33:24.021 INFO  0/0 source files have been analyzed
20:33:24.026 INFO  Sensor IaC Kubernetes Sensor [iac] (done) | time=343ms
20:33:24.029 INFO  Sensor JavaScript analysis [javascript]
20:33:37.763 WARN  Node.js version 22 is not recommended, you might experience issues. Please use a recommended version of Node.js [16, 18]
20:33:37.859 INFO  6 source files to be analyzed
20:33:40.693 INFO  6/6 source files have been analyzed
20:33:40.694 INFO  Hit the cache for 0 out of 6
20:33:40.697 INFO  Miss the cache for 6 out of 6: ANALYSIS_MODE_INELIGIBLE [6/6]
20:33:40.697 INFO  Sensor JavaScript analysis [javascript] (done) | time=16669ms
20:33:40.698 INFO  Sensor TypeScript analysis [javascript]
20:33:40.719 INFO  Resolving TSConfig files using 'lightweight-emr-frontend/tsconfig.json,atna-fhir-frontend/tsconfig.json,remote-control-frontend/tsconfig.json,configuration-frontend/tsconfig.json' from property sonar.typescript.tsconfigPaths
20:33:40.720 INFO  Found 4 TSConfig file(s): [/usr/src/lightweight-emr-frontend/tsconfig.json, /usr/src/atna-fhir-frontend/tsconfig.json, /usr/src/remote-control-frontend/tsconfig.json, /usr/src/configuration-frontend/tsconfig.json]
20:33:40.722 INFO  Creating TypeScript program
20:33:40.722 INFO  79 source files to be analyzed
20:33:40.722 INFO  TypeScript configuration file /usr/src/lightweight-emr-frontend/tsconfig.json
20:33:43.542 INFO  Creating TypeScript program (done) | time=2820ms
20:33:43.543 INFO  Starting analysis with current program
20:33:45.727 INFO  Analyzed 27 file(s) with current program
20:33:45.732 INFO  Creating TypeScript program
20:33:45.732 INFO  TypeScript configuration file /usr/src/atna-fhir-frontend/tsconfig.json
20:33:48.972 INFO  Creating TypeScript program (done) | time=3239ms
20:33:48.972 INFO  Starting analysis with current program
20:33:50.723 INFO  39/79 files analyzed, current file: /usr/src/atna-fhir-frontend/src/app/features/dashboard/components/event-list/event-list.component.ts
20:33:51.327 INFO  Analyzed 21 file(s) with current program
20:33:51.331 INFO  Creating TypeScript program
20:33:51.331 INFO  TypeScript configuration file /usr/src/remote-control-frontend/tsconfig.json
20:33:54.108 INFO  Creating TypeScript program (done) | time=2777ms
20:33:54.108 INFO  Starting analysis with current program
20:33:56.067 INFO  Analyzed 17 file(s) with current program
20:33:56.070 INFO  Creating TypeScript program
20:33:56.070 INFO  TypeScript configuration file /usr/src/configuration-frontend/tsconfig.json
20:33:58.501 INFO  Creating TypeScript program (done) | time=2431ms
20:33:58.502 INFO  Starting analysis with current program
20:33:59.203 INFO  Analyzed 3 file(s) with current program
20:33:59.208 INFO  Skipped 11 file(s) because they were not part of any tsconfig.json (enable debug logs to see the full list)
20:33:59.211 INFO  79/79 source files have been analyzed
20:33:59.211 INFO  Hit the cache for 0 out of 68
20:33:59.212 INFO  Miss the cache for 68 out of 68: ANALYSIS_MODE_INELIGIBLE [68/68]
20:33:59.212 INFO  Sensor TypeScript analysis [javascript] (done) | time=18514ms
20:33:59.212 INFO  Sensor JavaScript inside YAML analysis [javascript]
20:33:59.256 INFO  No input files found for analysis
20:33:59.256 INFO  Hit the cache for 0 out of 0
20:33:59.256 INFO  Miss the cache for 0 out of 0
20:33:59.256 INFO  Sensor JavaScript inside YAML analysis [javascript] (done) | time=44ms
20:33:59.257 INFO  Sensor CSS Rules [javascript]
20:33:59.272 INFO  46 source files to be analyzed
20:34:00.079 INFO  46/46 source files have been analyzed
20:34:00.079 INFO  Hit the cache for 0 out of 0
20:34:00.079 INFO  Miss the cache for 0 out of 0
20:34:00.080 INFO  Sensor CSS Rules [javascript] (done) | time=823ms
20:34:00.080 INFO  Sensor CSS Metrics [javascript]
20:34:00.200 INFO  Sensor CSS Metrics [javascript] (done) | time=120ms
20:34:00.201 INFO  Sensor C# Project Type Information [csharp]
20:34:00.203 INFO  Sensor C# Project Type Information [csharp] (done) | time=2ms
20:34:00.203 INFO  Sensor C# Analysis Log [csharp]
20:34:00.219 INFO  Sensor C# Analysis Log [csharp] (done) | time=16ms
20:34:00.219 INFO  Sensor C# Properties [csharp]
20:34:00.220 INFO  Sensor C# Properties [csharp] (done) | time=1ms
20:34:00.220 INFO  Sensor SurefireSensor [java]
20:34:00.221 INFO  parsing [/usr/src/target/surefire-reports]
20:34:00.222 INFO  Sensor SurefireSensor [java] (done) | time=2ms
20:34:00.222 INFO  Sensor HTML [web]
20:34:00.572 INFO  Sensor HTML [web] (done) | time=350ms
20:34:00.572 INFO  Sensor XML Sensor [xml]
20:34:00.578 INFO  43 source files to be analyzed
20:34:01.112 WARN  Unable to analyse file file:///usr/src/testing/vna/pom.xml;
20:34:01.454 WARN  Unable to analyse file file:///usr/src/ihe-domain-model/pom.xml;
20:34:01.461 WARN  Unable to analyse file file:///usr/src/testing/sync-fhir/README.xml;
20:34:01.463 WARN  Unable to analyse file file:///usr/src/ihe-domain-model/README.xml;
20:34:01.577 WARN  Unable to analyse file file:///usr/src/configuration-backend/src/main/resources/db/changelog/db.changelog-master.xml;
20:34:01.578 WARN  Unable to analyse file file:///usr/src/testing/sync-vna/README.xml;
20:34:01.818 INFO  43/43 source files have been analyzed
20:34:01.819 INFO  Sensor XML Sensor [xml] (done) | time=1247ms
20:34:01.820 INFO  Sensor TextAndSecretsSensor [text]
20:34:01.897 INFO  562 source files to be analyzed
20:34:03.270 INFO  562/562 source files have been analyzed
20:34:03.271 INFO  Sensor TextAndSecretsSensor [text] (done) | time=1451ms
20:34:03.271 INFO  Sensor VB.NET Project Type Information [vbnet]
20:34:03.277 INFO  Sensor VB.NET Project Type Information [vbnet] (done) | time=6ms
20:34:03.278 INFO  Sensor VB.NET Analysis Log [vbnet]
20:34:03.294 INFO  Sensor VB.NET Analysis Log [vbnet] (done) | time=16ms
20:34:03.294 INFO  Sensor VB.NET Properties [vbnet]
20:34:03.295 INFO  Sensor VB.NET Properties [vbnet] (done) | time=0ms
20:34:03.295 INFO  Sensor IaC Docker Sensor [iac]
20:34:03.306 INFO  0 source files to be analyzed
20:34:03.387 INFO  0/0 source files have been analyzed
20:34:03.387 INFO  Sensor IaC Docker Sensor [iac] (done) | time=92ms
20:34:03.415 INFO  ------------- Run sensors on project
20:34:03.601 INFO  Sensor Analysis Warnings import [csharp]
20:34:03.603 INFO  Sensor Analysis Warnings import [csharp] (done) | time=2ms
20:34:03.603 INFO  Sensor Zero Coverage Sensor
20:34:03.790 INFO  Sensor Zero Coverage Sensor (done) | time=187ms
20:34:03.790 INFO  Sensor Java CPD Block Indexer
20:34:04.062 INFO  Sensor Java CPD Block Indexer (done) | time=272ms
20:34:04.075 INFO  SCM Publisher No SCM system was detected. You can use the 'sonar.scm.provider' property to explicitly specify it.
20:34:04.116 INFO  CPD Executor 58 files had no CPD blocks
20:34:04.116 INFO  CPD Executor Calculating CPD for 290 files
20:34:04.317 INFO  CPD Executor CPD calculation finished (done) | time=199ms
20:34:05.164 INFO  Analysis report generated in 415ms, dir size=3.2 MB
20:34:14.574 INFO  Analysis report compressed in 9408ms, zip size=1.6 MB
20:34:14.716 INFO  Analysis report uploaded in 139ms
20:34:14.725 INFO  ------------- Check Quality Gate status
20:34:14.726 INFO  Waiting for the analysis report to be processed (max 900s)
20:34:24.870 INFO  QUALITY GATE STATUS: PASSED - View details on http://host.docker.internal:9000/dashboard?id=clinical-platform
20:34:30.624 INFO  Analysis total time: 2:58.070 s
20:34:30.630 INFO  EXECUTION SUCCESS
20:34:30.632 INFO  Total time: 3:03.596s
