20:19:33.375 INFO  Scanner configuration file: /opt/sonar-scanner/conf/sonar-scanner.properties
20:19:33.382 INFO  Project root configuration file: NONE
20:19:33.413 INFO  SonarScanner CLI 8.0.1.6346
20:19:33.446 INFO  Linux 6.12.54-linuxkit amd64
20:19:35.231 INFO  Communicating with SonarQube Server 9.9.8.100196
20:19:36.450 INFO  Load global settings
20:19:36.521 INFO  Load global settings (done) | time=73ms
20:19:36.524 INFO  Server id: 147B411E-AZ8-N-QvNeEQPfIqUWTf
20:19:36.549 INFO  User cache: /tmp/sonar-user-home/cache
20:19:36.561 INFO  Load/download plugins
20:19:36.562 INFO  Load plugins index
20:19:36.610 INFO  Load plugins index (done) | time=48ms
20:19:37.769 INFO  Load/download plugins (done) | time=1207ms
20:19:38.593 INFO  Process project properties
20:19:38.601 INFO  Process project properties (done) | time=8ms
20:19:38.609 INFO  Execute project builders
20:19:38.611 INFO  Execute project builders (done) | time=2ms
20:19:38.619 INFO  Project key: clinical-platform
20:19:38.619 INFO  Base dir: /usr/src
20:19:38.619 INFO  Working dir: /tmp/.scannerwork
20:19:38.633 INFO  EXECUTION FAILURE
20:19:38.635 INFO  Total time: 5.267s
