20:42:17.000 WARN  Property 'sonar.working.directory' with value '/tmp/.scannerwork' is overridden with value 'review/sonarqube/20260707234205/.scannerwork'
20:42:17.016 INFO  Scanner configuration file: /opt/sonar-scanner/conf/sonar-scanner.properties
20:42:17.017 INFO  Project root configuration file: NONE
20:42:17.045 INFO  SonarScanner CLI 8.0.1.6346
20:42:17.070 INFO  Linux 6.12.54-linuxkit amd64
20:42:18.886 INFO  Communicating with SonarQube Server 9.9.8.100196
20:42:20.183 INFO  Load global settings
20:42:20.253 INFO  Load global settings (done) | time=74ms
20:42:20.257 INFO  Server id: 147B411E-AZ8-N-QvNeEQPfIqUWTf
20:42:20.277 INFO  User cache: /tmp/sonar-user-home/cache
20:42:20.291 INFO  Load/download plugins
20:42:20.291 INFO  Load plugins index
20:42:20.337 INFO  Load plugins index (done) | time=46ms
20:42:21.918 INFO  Load/download plugins (done) | time=1627ms
20:42:22.812 INFO  Process project properties
20:42:22.821 INFO  Process project properties (done) | time=9ms
20:42:22.830 INFO  Execute project builders
20:42:22.832 INFO  Execute project builders (done) | time=2ms
20:42:22.839 INFO  Project key: clinical-platform
20:42:22.840 INFO  Base dir: /usr/src
20:42:22.840 INFO  Working dir: /usr/src/review/sonarqube/20260707234205/.scannerwork
20:42:22.854 INFO  Load project settings for component key: 'clinical-platform'
20:42:22.886 INFO  Load project settings for component key: 'clinical-platform' (done) | time=32ms
20:42:23.317 WARN  SCM provider autodetection failed. Please use "sonar.scm.provider" to define SCM of your project, or disable the SCM Sensor in the project settings.
20:42:23.344 INFO  Load quality profiles
20:42:23.419 INFO  Load quality profiles (done) | time=75ms
20:42:23.457 INFO  Load active rules
20:42:24.655 INFO  Load active rules (done) | time=1198ms
20:42:24.673 INFO  Load analysis cache
20:42:24.712 INFO  Load analysis cache | time=39ms
20:42:24.829 INFO  Load project repositories
20:42:24.854 INFO  Load project repositories (done) | time=25ms
20:42:24.904 INFO  Indexing files...
20:42:24.904 INFO  Project configuration:
20:42:24.905 INFO    Excluded sources: **/.git/**, **/.idea/**, **/.vscode/**, **/.angular/**, **/node_modules/**, **/dist/**, **/build/**, **/coverage/**, **/target/**, **/.scannerwork/**, **/tmp/**, **/logs/**, documentation/**, materials/**, helm-charts/**/templates/**, review/results/**, review/sonarqube/**, **/Dockerfile, **/Dockerfile.*, **/docker-compose*.yml, docker/**, terraform/**/.terraform/**, run-reviews.sh/**, purge-data.sh/**, **/src/test/**, **/*.spec.ts, **/*.spec.tsx, **/*.test.ts, **/*.test.tsx, **/*.spec.js, **/*.test.js
20:42:24.905 INFO    Included tests: **/src/test/**, **/*.spec.ts, **/*.spec.tsx, **/*.test.ts, **/*.test.tsx, **/*.spec.js, **/*.test.js
20:42:24.905 INFO    Excluded sources for coverage: **/.git/**, **/.idea/**, **/.vscode/**, **/.angular/**, **/node_modules/**, **/dist/**, **/build/**, **/coverage/**, **/target/**, **/.scannerwork/**, **/tmp/**, **/logs/**, documentation/**, materials/**, helm-charts/**/templates/**, review/results/**, review/sonarqube/**, **/Dockerfile, **/Dockerfile.*, **/docker-compose*.yml, docker/**, terraform/**/.terraform/**, run-reviews.sh/**, purge-data.sh/**
20:42:24.905 INFO    Excluded sources for duplication: documentation/**, materials/**
20:42:34.907 INFO  64 files indexed...  (last one was configuration-frontend/tsconfig.app.json)
20:42:44.909 INFO  194 files indexed...  (last one was lightweight-emr-frontend/src/app/features/patient-detail/patient-detail.component.html)
20:42:54.913 INFO  495 files indexed...  (last one was atna-fhir-frontend/tsconfig.app.json)
20:43:04.915 INFO  716 files indexed...  (last one was registry-backend/src/main/java/com/nologo/application/register/service/FhirConsentClient.java)
20:43:14.916 INFO  721 files indexed...  (last one was sync-fhir-backend/src/test/java/com/nologo/application/syncfhir/SyncFhirBackendApplicationTest.java)
20:43:24.917 INFO  761 files indexed...  (last one was sync-vna-backend/src/test/java/com/nologo/application/syncvna/SyncVnaBackendApplicationTest.java)
20:43:25.396 INFO  764 files indexed
20:43:25.397 INFO  408102 files ignored because of inclusion/exclusion patterns
20:43:25.408 INFO  Quality profile for css: Sonar way
20:43:25.408 INFO  Quality profile for java: Sonar way
20:43:25.408 INFO  Quality profile for js: Sonar way
20:43:25.409 INFO  Quality profile for json: Sonar way
20:43:25.409 INFO  Quality profile for ts: Sonar way
20:43:25.409 INFO  Quality profile for web: Sonar way
20:43:25.409 INFO  Quality profile for xml: Sonar way
20:43:25.409 INFO  Quality profile for yaml: Sonar way
20:43:25.410 INFO  ------------- Run sensors on module Clinical Platform
20:43:25.624 INFO  Load metrics repository
20:43:25.698 INFO  Load metrics repository (done) | time=74ms
20:43:27.478 INFO  Sensor JavaSensor [java]
20:43:27.490 INFO  Configured Java source version (sonar.java.source): none
20:43:27.496 INFO  JavaClasspath initialization
20:43:27.505 INFO  JavaClasspath initialization (done) | time=9ms
20:43:27.505 INFO  JavaTestClasspath initialization
20:43:27.508 INFO  JavaTestClasspath initialization (done) | time=3ms
20:43:27.529 INFO  Server-side caching is enabled. The Java analyzer will not try to leverage data from a previous analysis.
20:43:27.538 INFO  Using ECJ batch to parse 253 Main java source files with batch size 104 KB.
20:43:27.734 INFO  Starting batch processing.
20:43:28.514 INFO  The Java analyzer cannot skip unchanged files in this context. A full analysis is performed for all files.
20:43:37.742 INFO  8% analyzed
20:44:11.034 INFO  100% analyzed
20:44:11.037 INFO  Batch processing: Done.
20:44:11.038 INFO  Did not optimize analysis for any files, performed a full analysis for all 253 files.
20:44:11.088 WARN  Dependencies/libraries were not provided for analysis of SOURCE files. The 'sonar.java.libraries' property is empty. Verify your configuration, as you might end up with less precise results.
20:44:11.089 WARN  Dependencies/libraries were not provided for analysis of TEST files. The 'sonar.java.test.libraries' property is empty. Verify your configuration, as you might end up with less precise results.
20:44:11.103 WARN  Unresolved imports/types have been detected during analysis. Enable DEBUG mode to see them.
20:44:11.106 WARN  Use of preview features have been detected during analysis. Enable DEBUG mode to see them.
20:44:11.108 INFO  Using ECJ batch to parse 22 Test java source files with batch size 104 KB.
20:44:11.150 INFO  Starting batch processing.
20:44:12.587 INFO  100% analyzed
20:44:12.587 INFO  Batch processing: Done.
20:44:12.588 INFO  Did not optimize analysis for any files, performed a full analysis for all 22 files.
20:44:12.589 WARN  Unresolved imports/types have been detected during analysis. Enable DEBUG mode to see them.
20:44:12.589 WARN  Use of preview features have been detected during analysis. Enable DEBUG mode to see them.
20:44:12.589 INFO  No "Generated" source files to scan.
20:44:12.589 INFO  Sensor JavaSensor [java] (done) | time=45112ms
20:44:12.590 INFO  Sensor JaCoCo XML Report Importer [jacoco]
20:44:12.597 INFO  'sonar.coverage.jacoco.xmlReportPaths' is not defined. Using default locations: target/site/jacoco/jacoco.xml,target/site/jacoco-it/jacoco.xml,build/reports/jacoco/test/jacocoTestReport.xml
20:44:12.599 INFO  No report imported, no coverage information will be imported by JaCoCo XML Report Importer
20:44:12.600 INFO  Sensor JaCoCo XML Report Importer [jacoco] (done) | time=10ms
20:44:12.600 INFO  Sensor IaC CloudFormation Sensor [iac]
20:44:12.926 INFO  0 source files to be analyzed
20:44:13.052 INFO  0/0 source files have been analyzed
20:44:13.053 INFO  Sensor IaC CloudFormation Sensor [iac] (done) | time=453ms
20:44:13.053 INFO  Sensor IaC Kubernetes Sensor [iac]
20:44:13.155 INFO  0 source files to be analyzed
20:44:13.250 INFO  0/0 source files have been analyzed
20:44:13.251 INFO  Sensor IaC Kubernetes Sensor [iac] (done) | time=198ms
20:44:13.251 INFO  Sensor JavaScript analysis [javascript]
20:44:28.010 WARN  Node.js version 22 is not recommended, you might experience issues. Please use a recommended version of Node.js [16, 18]
20:44:28.126 INFO  6 source files to be analyzed
20:44:31.102 INFO  6/6 source files have been analyzed
20:44:31.103 INFO  Hit the cache for 0 out of 6
20:44:31.106 INFO  Miss the cache for 6 out of 6: ANALYSIS_MODE_INELIGIBLE [6/6]
20:44:31.106 INFO  Sensor JavaScript analysis [javascript] (done) | time=17855ms
20:44:31.107 INFO  Sensor TypeScript analysis [javascript]
20:44:31.134 INFO  Resolving TSConfig files using 'lightweight-emr-frontend/tsconfig.json,atna-fhir-frontend/tsconfig.json,remote-control-frontend/tsconfig.json,configuration-frontend/tsconfig.json' from property sonar.typescript.tsconfigPaths
20:44:31.135 INFO  Found 4 TSConfig file(s): [/usr/src/lightweight-emr-frontend/tsconfig.json, /usr/src/atna-fhir-frontend/tsconfig.json, /usr/src/remote-control-frontend/tsconfig.json, /usr/src/configuration-frontend/tsconfig.json]
20:44:31.137 INFO  79 source files to be analyzed
20:44:31.137 INFO  Creating TypeScript program
20:44:31.137 INFO  TypeScript configuration file /usr/src/lightweight-emr-frontend/tsconfig.json
20:44:33.997 INFO  Creating TypeScript program (done) | time=2860ms
20:44:33.998 INFO  Starting analysis with current program
20:44:36.104 INFO  Analyzed 27 file(s) with current program
20:44:36.108 INFO  Creating TypeScript program
20:44:36.108 INFO  TypeScript configuration file /usr/src/atna-fhir-frontend/tsconfig.json
20:44:39.403 INFO  Creating TypeScript program (done) | time=3295ms
20:44:39.404 INFO  Starting analysis with current program
20:44:41.138 INFO  39/79 files analyzed, current file: /usr/src/atna-fhir-frontend/src/app/features/dashboard/components/event-list/event-list.component.ts
20:44:41.736 INFO  Analyzed 21 file(s) with current program
20:44:41.739 INFO  Creating TypeScript program
20:44:41.739 INFO  TypeScript configuration file /usr/src/remote-control-frontend/tsconfig.json
20:44:44.567 INFO  Creating TypeScript program (done) | time=2828ms
20:44:44.568 INFO  Starting analysis with current program
20:44:46.429 INFO  Analyzed 17 file(s) with current program
20:44:46.432 INFO  Creating TypeScript program
20:44:46.432 INFO  TypeScript configuration file /usr/src/configuration-frontend/tsconfig.json
20:44:48.887 INFO  Creating TypeScript program (done) | time=2455ms
20:44:48.887 INFO  Starting analysis with current program
20:44:49.636 INFO  Analyzed 3 file(s) with current program
20:44:49.640 INFO  Skipped 11 file(s) because they were not part of any tsconfig.json (enable debug logs to see the full list)
20:44:49.641 INFO  79/79 source files have been analyzed
20:44:49.642 INFO  Hit the cache for 0 out of 68
20:44:49.645 INFO  Miss the cache for 68 out of 68: ANALYSIS_MODE_INELIGIBLE [68/68]
20:44:49.645 INFO  Sensor TypeScript analysis [javascript] (done) | time=18538ms
20:44:49.645 INFO  Sensor JavaScript inside YAML analysis [javascript]
20:44:49.715 INFO  No input files found for analysis
20:44:49.715 INFO  Hit the cache for 0 out of 0
20:44:49.715 INFO  Miss the cache for 0 out of 0
20:44:49.716 INFO  Sensor JavaScript inside YAML analysis [javascript] (done) | time=70ms
20:44:49.716 INFO  Sensor CSS Rules [javascript]
20:44:49.734 INFO  46 source files to be analyzed
20:44:50.721 INFO  46/46 source files have been analyzed
20:44:50.721 INFO  Hit the cache for 0 out of 0
20:44:50.721 INFO  Miss the cache for 0 out of 0
20:44:50.722 INFO  Sensor CSS Rules [javascript] (done) | time=1005ms
20:44:50.722 INFO  Sensor CSS Metrics [javascript]
20:44:50.881 INFO  Sensor CSS Metrics [javascript] (done) | time=159ms
20:44:50.881 INFO  Sensor C# Project Type Information [csharp]
20:44:50.884 INFO  Sensor C# Project Type Information [csharp] (done) | time=3ms
20:44:50.884 INFO  Sensor C# Analysis Log [csharp]
20:44:50.904 INFO  Sensor C# Analysis Log [csharp] (done) | time=20ms
20:44:50.905 INFO  Sensor C# Properties [csharp]
20:44:50.905 INFO  Sensor C# Properties [csharp] (done) | time=0ms
20:44:50.905 INFO  Sensor SurefireSensor [java]
20:44:50.906 INFO  parsing [/usr/src/target/surefire-reports]
20:44:50.907 INFO  Sensor SurefireSensor [java] (done) | time=2ms
20:44:50.907 INFO  Sensor HTML [web]
20:44:51.338 INFO  Sensor HTML [web] (done) | time=431ms
20:44:51.338 INFO  Sensor XML Sensor [xml]
20:44:51.346 INFO  43 source files to be analyzed
20:44:52.115 WARN  Unable to analyse file file:///usr/src/testing/vna/pom.xml;
20:44:52.180 WARN  Unable to analyse file file:///usr/src/ihe-domain-model/pom.xml;
20:44:52.184 WARN  Unable to analyse file file:///usr/src/testing/sync-fhir/README.xml;
20:44:52.187 WARN  Unable to analyse file file:///usr/src/ihe-domain-model/README.xml;
20:44:52.291 WARN  Unable to analyse file file:///usr/src/configuration-backend/src/main/resources/db/changelog/db.changelog-master.xml;
20:44:52.292 WARN  Unable to analyse file file:///usr/src/testing/sync-vna/README.xml;
20:44:52.963 INFO  43/43 source files have been analyzed
20:44:52.971 INFO  Sensor XML Sensor [xml] (done) | time=1632ms
20:44:52.975 INFO  Sensor TextAndSecretsSensor [text]
20:44:53.164 INFO  562 source files to be analyzed
20:44:54.973 INFO  562/562 source files have been analyzed
20:44:54.974 INFO  Sensor TextAndSecretsSensor [text] (done) | time=1999ms
20:44:54.975 INFO  Sensor VB.NET Project Type Information [vbnet]
20:44:54.984 INFO  Sensor VB.NET Project Type Information [vbnet] (done) | time=9ms
20:44:54.984 INFO  Sensor VB.NET Analysis Log [vbnet]
20:44:55.009 INFO  Sensor VB.NET Analysis Log [vbnet] (done) | time=25ms
20:44:55.009 INFO  Sensor VB.NET Properties [vbnet]
20:44:55.009 INFO  Sensor VB.NET Properties [vbnet] (done) | time=0ms
20:44:55.009 INFO  Sensor IaC Docker Sensor [iac]
20:44:55.023 INFO  0 source files to be analyzed
20:44:55.139 INFO  0/0 source files have been analyzed
20:44:55.140 INFO  Sensor IaC Docker Sensor [iac] (done) | time=131ms
20:44:55.155 INFO  ------------- Run sensors on project
20:44:55.396 INFO  Sensor Analysis Warnings import [csharp]
20:44:55.397 INFO  Sensor Analysis Warnings import [csharp] (done) | time=1ms
20:44:55.397 INFO  Sensor Zero Coverage Sensor
20:44:55.654 INFO  Sensor Zero Coverage Sensor (done) | time=257ms
20:44:55.654 INFO  Sensor Java CPD Block Indexer
20:44:56.074 INFO  Sensor Java CPD Block Indexer (done) | time=420ms
20:44:56.101 INFO  SCM Publisher No SCM system was detected. You can use the 'sonar.scm.provider' property to explicitly specify it.
20:44:56.153 INFO  CPD Executor 58 files had no CPD blocks
20:44:56.155 INFO  CPD Executor Calculating CPD for 290 files
20:44:56.545 INFO  CPD Executor CPD calculation finished (done) | time=389ms
20:44:58.115 INFO  Analysis report generated in 846ms, dir size=3.2 MB
20:45:10.026 INFO  Analysis report compressed in 11907ms, zip size=1.6 MB
20:45:10.111 INFO  Analysis report uploaded in 83ms
20:45:10.130 INFO  ------------- Check Quality Gate status
20:45:10.133 INFO  Waiting for the analysis report to be processed (max 900s)
20:45:32.957 INFO  EXECUTION FAILURE
20:45:32.963 INFO  Total time: 3:15.948s
