20:25:58.814 WARN  Property 'sonar.working.directory' with value '/tmp/.scannerwork' is overridden with value 'review/sonarqube/20260707232550/.scannerwork'
20:25:58.834 INFO  Scanner configuration file: /opt/sonar-scanner/conf/sonar-scanner.properties
20:25:58.835 INFO  Project root configuration file: NONE
20:25:58.862 INFO  SonarScanner CLI 8.0.1.6346
20:25:58.888 INFO  Linux 6.12.54-linuxkit amd64
20:26:00.913 INFO  Communicating with SonarQube Server 9.9.8.100196
20:26:02.268 INFO  Load global settings
20:26:02.339 INFO  Load global settings (done) | time=74ms
20:26:02.342 INFO  Server id: 147B411E-AZ8-N-QvNeEQPfIqUWTf
20:26:02.365 INFO  User cache: /tmp/sonar-user-home/cache
20:26:02.378 INFO  Load/download plugins
20:26:02.378 INFO  Load plugins index
20:26:02.432 INFO  Load plugins index (done) | time=54ms
20:26:03.615 INFO  Load/download plugins (done) | time=1237ms
20:26:04.465 INFO  Process project properties
20:26:04.472 INFO  Process project properties (done) | time=7ms
20:26:04.481 INFO  Execute project builders
20:26:04.483 INFO  Execute project builders (done) | time=1ms
20:26:04.490 INFO  Project key: clinical-platform
20:26:04.490 INFO  Base dir: /usr/src
20:26:04.490 INFO  Working dir: /usr/src/review/sonarqube/20260707232550/.scannerwork
20:26:04.501 INFO  Load project settings for component key: 'clinical-platform'
20:26:04.519 INFO  Load project settings for component key: 'clinical-platform' (done) | time=18ms
20:26:04.920 WARN  SCM provider autodetection failed. Please use "sonar.scm.provider" to define SCM of your project, or disable the SCM Sensor in the project settings.
20:26:04.972 INFO  Load quality profiles
20:26:05.038 INFO  Load quality profiles (done) | time=66ms
20:26:05.064 INFO  Load active rules
20:26:06.033 INFO  Load active rules (done) | time=968ms
20:26:06.047 INFO  Load analysis cache
20:26:06.075 INFO  Load analysis cache | time=28ms
20:26:06.196 INFO  Load project repositories
20:26:06.218 INFO  Load project repositories (done) | time=22ms
20:26:06.271 INFO  Indexing files...
20:26:06.272 INFO  Project configuration:
20:26:06.273 INFO    Excluded sources: **/.git/**, **/.idea/**, **/.vscode/**, **/.angular/**, **/node_modules/**, **/dist/**, **/build/**, **/coverage/**, **/target/**, **/.scannerwork/**, **/tmp/**, **/logs/**, documentation/**, materials/**, helm-charts/**/templates/**, review/results/**, review/sonarqube/**, **/Dockerfile, **/Dockerfile.*, **/docker-compose*.yml, docker/**, terraform/**/.terraform/**, run-reviews.sh/**, purge-data.sh/**, **/src/test/**, **/*.spec.ts, **/*.spec.tsx, **/*.test.ts, **/*.test.tsx, **/*.spec.js, **/*.test.js
20:26:06.273 INFO    Included tests: **/src/test/**, **/*.spec.ts, **/*.spec.tsx, **/*.test.ts, **/*.test.tsx, **/*.spec.js, **/*.test.js
20:26:06.273 INFO    Excluded sources for coverage: **/.git/**, **/.idea/**, **/.vscode/**, **/.angular/**, **/node_modules/**, **/dist/**, **/build/**, **/coverage/**, **/target/**, **/.scannerwork/**, **/tmp/**, **/logs/**, documentation/**, materials/**, helm-charts/**/templates/**, review/results/**, review/sonarqube/**, **/Dockerfile, **/Dockerfile.*, **/docker-compose*.yml, docker/**, terraform/**/.terraform/**, run-reviews.sh/**, purge-data.sh/**
20:26:06.273 INFO    Excluded sources for duplication: documentation/**, materials/**
20:26:16.276 INFO  64 files indexed...  (last one was configuration-frontend/tsconfig.app.json)
20:26:26.278 INFO  170 files indexed...  (last one was lightweight-emr-frontend/tsconfig.app.json)
20:26:36.279 INFO  495 files indexed...  (last one was atna-fhir-frontend/tsconfig.app.json)
20:26:46.281 INFO  716 files indexed...  (last one was registry-backend/src/main/java/com/nologo/application/register/service/FhirConsentClient.java)
20:26:56.286 INFO  721 files indexed...  (last one was sync-fhir-backend/src/test/java/com/nologo/application/syncfhir/SyncFhirBackendApplicationTest.java)
20:27:06.288 INFO  761 files indexed...  (last one was sync-vna-backend/src/test/java/com/nologo/application/syncvna/SyncVnaBackendApplicationTest.java)
20:27:08.633 INFO  764 files indexed
20:27:08.634 INFO  408078 files ignored because of inclusion/exclusion patterns
20:27:08.649 INFO  Quality profile for css: Sonar way
20:27:08.649 INFO  Quality profile for java: Sonar way
20:27:08.649 INFO  Quality profile for js: Sonar way
20:27:08.649 INFO  Quality profile for json: Sonar way
20:27:08.649 INFO  Quality profile for ts: Sonar way
20:27:08.649 INFO  Quality profile for web: Sonar way
20:27:08.649 INFO  Quality profile for xml: Sonar way
20:27:08.649 INFO  Quality profile for yaml: Sonar way
20:27:08.650 INFO  ------------- Run sensors on module Clinical Platform
20:27:08.929 INFO  Load metrics repository
20:27:09.036 INFO  Load metrics repository (done) | time=107ms
20:27:11.411 INFO  Sensor JavaSensor [java]
20:27:11.425 INFO  Configured Java source version (sonar.java.source): none
20:27:11.433 INFO  JavaClasspath initialization
20:27:11.443 INFO  JavaClasspath initialization (done) | time=10ms
20:27:11.443 INFO  JavaTestClasspath initialization
20:27:11.445 INFO  JavaTestClasspath initialization (done) | time=2ms
20:27:11.460 INFO  Server-side caching is enabled. The Java analyzer will not try to leverage data from a previous analysis.
20:27:11.471 INFO  Using ECJ batch to parse 253 Main java source files with batch size 104 KB.
20:27:11.707 INFO  Starting batch processing.
20:27:12.717 INFO  The Java analyzer cannot skip unchanged files in this context. A full analysis is performed for all files.
20:27:21.713 INFO  7% analyzed
20:27:54.980 INFO  100% analyzed
20:27:54.983 INFO  Batch processing: Done.
20:27:54.984 INFO  Did not optimize analysis for any files, performed a full analysis for all 253 files.
20:27:55.015 WARN  Dependencies/libraries were not provided for analysis of SOURCE files. The 'sonar.java.libraries' property is empty. Verify your configuration, as you might end up with less precise results.
20:27:55.016 WARN  Dependencies/libraries were not provided for analysis of TEST files. The 'sonar.java.test.libraries' property is empty. Verify your configuration, as you might end up with less precise results.
20:27:55.030 WARN  Unresolved imports/types have been detected during analysis. Enable DEBUG mode to see them.
20:27:55.033 WARN  Use of preview features have been detected during analysis. Enable DEBUG mode to see them.
20:27:55.035 INFO  Using ECJ batch to parse 22 Test java source files with batch size 104 KB.
20:27:55.077 INFO  Starting batch processing.
20:27:56.942 INFO  100% analyzed
20:27:56.945 INFO  Batch processing: Done.
20:27:56.948 INFO  Did not optimize analysis for any files, performed a full analysis for all 22 files.
20:27:56.952 WARN  Unresolved imports/types have been detected during analysis. Enable DEBUG mode to see them.
20:27:56.955 WARN  Use of preview features have been detected during analysis. Enable DEBUG mode to see them.
20:27:56.956 INFO  No "Generated" source files to scan.
20:27:56.957 INFO  Sensor JavaSensor [java] (done) | time=45546ms
20:27:56.958 INFO  Sensor JaCoCo XML Report Importer [jacoco]
20:27:56.995 INFO  'sonar.coverage.jacoco.xmlReportPaths' is not defined. Using default locations: target/site/jacoco/jacoco.xml,target/site/jacoco-it/jacoco.xml,build/reports/jacoco/test/jacocoTestReport.xml
20:27:57.005 INFO  No report imported, no coverage information will be imported by JaCoCo XML Report Importer
20:27:57.005 INFO  Sensor JaCoCo XML Report Importer [jacoco] (done) | time=48ms
20:27:57.006 INFO  Sensor IaC CloudFormation Sensor [iac]
20:27:57.362 INFO  0 source files to be analyzed
20:27:57.484 INFO  0/0 source files have been analyzed
20:27:57.484 INFO  Sensor IaC CloudFormation Sensor [iac] (done) | time=478ms
20:27:57.484 INFO  Sensor IaC Kubernetes Sensor [iac]
20:27:57.581 INFO  0 source files to be analyzed
20:27:57.668 INFO  0/0 source files have been analyzed
20:27:57.668 INFO  Sensor IaC Kubernetes Sensor [iac] (done) | time=184ms
20:27:57.668 INFO  Sensor JavaScript analysis [javascript]
20:28:11.624 WARN  Node.js version 22 is not recommended, you might experience issues. Please use a recommended version of Node.js [16, 18]
20:28:11.958 INFO  6 source files to be analyzed
20:28:14.903 INFO  6/6 source files have been analyzed
20:28:14.905 INFO  Hit the cache for 0 out of 6
20:28:14.908 INFO  Miss the cache for 6 out of 6: ANALYSIS_MODE_INELIGIBLE [6/6]
20:28:14.909 INFO  Sensor JavaScript analysis [javascript] (done) | time=17240ms
20:28:14.909 INFO  Sensor TypeScript analysis [javascript]
20:28:14.936 INFO  Resolving TSConfig files using 'lightweight-emr-frontend/tsconfig.json,atna-fhir-frontend/tsconfig.json,remote-control-frontend/tsconfig.json,configuration-frontend/tsconfig.json' from property sonar.typescript.tsconfigPaths
20:28:14.937 INFO  Found 4 TSConfig file(s): [/usr/src/lightweight-emr-frontend/tsconfig.json, /usr/src/atna-fhir-frontend/tsconfig.json, /usr/src/remote-control-frontend/tsconfig.json, /usr/src/configuration-frontend/tsconfig.json]
20:28:14.938 INFO  79 source files to be analyzed
20:28:14.938 INFO  Creating TypeScript program
20:28:14.938 INFO  TypeScript configuration file /usr/src/lightweight-emr-frontend/tsconfig.json
20:28:17.749 INFO  Creating TypeScript program (done) | time=2811ms
20:28:17.750 INFO  Starting analysis with current program
20:28:19.912 INFO  Analyzed 27 file(s) with current program
20:28:19.915 INFO  Creating TypeScript program
20:28:19.915 INFO  TypeScript configuration file /usr/src/atna-fhir-frontend/tsconfig.json
20:28:23.063 INFO  Creating TypeScript program (done) | time=3147ms
20:28:23.063 INFO  Starting analysis with current program
20:28:24.939 INFO  40/79 files analyzed, current file: /usr/src/atna-fhir-frontend/src/app/features/dashboard/dashboard.component.ts
20:28:25.417 INFO  Analyzed 21 file(s) with current program
20:28:25.420 INFO  Creating TypeScript program
20:28:25.420 INFO  TypeScript configuration file /usr/src/remote-control-frontend/tsconfig.json
20:28:28.229 INFO  Creating TypeScript program (done) | time=2809ms
20:28:28.229 INFO  Starting analysis with current program
20:28:30.049 INFO  Analyzed 17 file(s) with current program
20:28:30.054 INFO  Creating TypeScript program
20:28:30.054 INFO  TypeScript configuration file /usr/src/configuration-frontend/tsconfig.json
20:28:32.929 INFO  Creating TypeScript program (done) | time=2875ms
20:28:32.929 INFO  Starting analysis with current program
20:28:33.891 INFO  Analyzed 3 file(s) with current program
20:28:33.896 INFO  Skipped 11 file(s) because they were not part of any tsconfig.json (enable debug logs to see the full list)
20:28:33.899 INFO  79/79 source files have been analyzed
20:28:33.900 INFO  Hit the cache for 0 out of 68
20:28:33.901 INFO  Miss the cache for 68 out of 68: ANALYSIS_MODE_INELIGIBLE [68/68]
20:28:33.902 INFO  Sensor TypeScript analysis [javascript] (done) | time=18993ms
20:28:33.902 INFO  Sensor JavaScript inside YAML analysis [javascript]
20:28:33.974 INFO  No input files found for analysis
20:28:33.974 INFO  Hit the cache for 0 out of 0
20:28:33.975 INFO  Miss the cache for 0 out of 0
20:28:33.975 INFO  Sensor JavaScript inside YAML analysis [javascript] (done) | time=73ms
20:28:33.975 INFO  Sensor CSS Rules [javascript]
20:28:33.995 INFO  46 source files to be analyzed
20:28:35.444 INFO  46/46 source files have been analyzed
20:28:35.445 INFO  Hit the cache for 0 out of 0
20:28:35.445 INFO  Miss the cache for 0 out of 0
20:28:35.446 INFO  Sensor CSS Rules [javascript] (done) | time=1471ms
20:28:35.446 INFO  Sensor CSS Metrics [javascript]
20:28:35.628 INFO  Sensor CSS Metrics [javascript] (done) | time=182ms
20:28:35.628 INFO  Sensor C# Project Type Information [csharp]
20:28:35.631 INFO  Sensor C# Project Type Information [csharp] (done) | time=3ms
20:28:35.631 INFO  Sensor C# Analysis Log [csharp]
20:28:35.680 INFO  Sensor C# Analysis Log [csharp] (done) | time=49ms
20:28:35.680 INFO  Sensor C# Properties [csharp]
20:28:35.680 INFO  Sensor C# Properties [csharp] (done) | time=0ms
20:28:35.681 INFO  Sensor SurefireSensor [java]
20:28:35.682 INFO  parsing [/usr/src/target/surefire-reports]
20:28:35.687 INFO  Sensor SurefireSensor [java] (done) | time=5ms
20:28:35.687 INFO  Sensor HTML [web]
20:28:36.777 INFO  Sensor HTML [web] (done) | time=1089ms
20:28:36.777 INFO  Sensor XML Sensor [xml]
20:28:36.794 INFO  43 source files to be analyzed
20:28:37.883 WARN  Unable to analyse file file:///usr/src/testing/vna/pom.xml;
20:28:38.003 WARN  Unable to analyse file file:///usr/src/ihe-domain-model/pom.xml;
20:28:38.005 WARN  Unable to analyse file file:///usr/src/testing/sync-fhir/README.xml;
20:28:38.013 WARN  Unable to analyse file file:///usr/src/ihe-domain-model/README.xml;
20:28:38.264 WARN  Unable to analyse file file:///usr/src/configuration-backend/src/main/resources/db/changelog/db.changelog-master.xml;
20:28:38.267 WARN  Unable to analyse file file:///usr/src/testing/sync-vna/README.xml;
20:28:39.254 INFO  43/43 source files have been analyzed
20:28:39.255 INFO  Sensor XML Sensor [xml] (done) | time=2477ms
20:28:39.255 INFO  Sensor TextAndSecretsSensor [text]
20:28:39.325 INFO  562 source files to be analyzed
20:28:46.364 INFO  562/562 source files have been analyzed
20:28:46.429 INFO  Sensor TextAndSecretsSensor [text] (done) | time=7161ms
20:28:46.465 INFO  Sensor VB.NET Project Type Information [vbnet]
20:28:47.196 INFO  Sensor VB.NET Project Type Information [vbnet] (done) | time=699ms
20:28:47.280 INFO  Sensor VB.NET Analysis Log [vbnet]
20:28:51.894 INFO  Sensor VB.NET Analysis Log [vbnet] (done) | time=4611ms
20:28:51.897 INFO  Sensor VB.NET Properties [vbnet]
20:28:51.906 INFO  Sensor VB.NET Properties [vbnet] (done) | time=9ms
20:28:51.906 INFO  Sensor IaC Docker Sensor [iac]
20:28:52.020 INFO  0 source files to be analyzed
20:29:02.070 INFO  -1/0 files analyzed, current file: null
20:29:05.314 INFO  0/0 source files have been analyzed
20:29:05.322 INFO  Sensor IaC Docker Sensor [iac] (done) | time=13415ms
20:29:05.636 INFO  ------------- Run sensors on project
20:29:07.059 INFO  Sensor Analysis Warnings import [csharp]
20:29:07.081 INFO  Sensor Analysis Warnings import [csharp] (done) | time=23ms
20:29:07.082 INFO  Sensor Zero Coverage Sensor
20:29:07.835 INFO  Sensor Zero Coverage Sensor (done) | time=752ms
20:29:07.838 INFO  Sensor Java CPD Block Indexer
20:29:08.824 INFO  Sensor Java CPD Block Indexer (done) | time=983ms
20:29:08.891 INFO  SCM Publisher No SCM system was detected. You can use the 'sonar.scm.provider' property to explicitly specify it.
20:29:09.039 INFO  CPD Executor 58 files had no CPD blocks
20:29:09.041 INFO  CPD Executor Calculating CPD for 290 files
20:29:09.371 INFO  CPD Executor CPD calculation finished (done) | time=328ms
20:29:10.670 INFO  Analysis report generated in 786ms, dir size=3.2 MB
20:29:20.533 INFO  Analysis report compressed in 9861ms, zip size=1.6 MB
20:29:20.656 INFO  Analysis report uploaded in 121ms
20:29:20.664 INFO  ------------- Check Quality Gate status
20:29:20.665 INFO  Waiting for the analysis report to be processed (max 900s)
20:29:30.745 INFO  QUALITY GATE STATUS: PASSED - View details on http://host.docker.internal:9000/dashboard?id=clinical-platform
20:29:37.295 INFO  Analysis total time: 3:33.486 s
20:29:37.301 INFO  EXECUTION SUCCESS
20:29:37.322 INFO  Total time: 3:38.474s
