20:52:27.313 WARN  Property 'sonar.working.directory' with value '/tmp/.scannerwork' is overridden with value 'review/sonarqube/20260707235213/.scannerwork'
20:52:27.333 INFO  Scanner configuration file: /opt/sonar-scanner/conf/sonar-scanner.properties
20:52:27.335 INFO  Project root configuration file: NONE
20:52:27.367 INFO  SonarScanner CLI 8.0.1.6346
20:52:27.390 INFO  Linux 6.12.54-linuxkit amd64
20:52:29.873 INFO  Communicating with SonarQube Server 9.9.8.100196
20:52:31.531 INFO  Load global settings
20:52:31.693 INFO  Load global settings (done) | time=166ms
20:52:31.710 INFO  Server id: 147B411E-AZ8-N-QvNeEQPfIqUWTf
20:52:31.800 INFO  User cache: /tmp/sonar-user-home/cache
20:52:31.877 INFO  Load/download plugins
20:52:31.878 INFO  Load plugins index
20:52:32.216 INFO  Load plugins index (done) | time=338ms
20:52:34.991 INFO  Load/download plugins (done) | time=3114ms
20:52:35.955 INFO  Process project properties
20:52:35.962 INFO  Process project properties (done) | time=7ms
20:52:35.969 INFO  Execute project builders
20:52:35.973 INFO  Execute project builders (done) | time=3ms
20:52:35.981 INFO  Project key: clinical-platform
20:52:35.981 INFO  Base dir: /usr/src
20:52:35.981 INFO  Working dir: /usr/src/review/sonarqube/20260707235213/.scannerwork
20:52:35.997 INFO  Load project settings for component key: 'clinical-platform'
20:52:36.022 INFO  Load project settings for component key: 'clinical-platform' (done) | time=25ms
20:52:36.504 WARN  SCM provider autodetection failed. Please use "sonar.scm.provider" to define SCM of your project, or disable the SCM Sensor in the project settings.
20:52:36.536 INFO  Load quality profiles
20:52:36.620 INFO  Load quality profiles (done) | time=84ms
20:52:36.643 INFO  Load active rules
20:52:37.862 INFO  Load active rules (done) | time=1219ms
20:52:37.877 INFO  Load analysis cache
20:52:37.924 INFO  Load analysis cache | time=47ms
20:52:38.056 INFO  Load project repositories
20:52:38.076 INFO  Load project repositories (done) | time=20ms
20:52:38.125 INFO  Indexing files...
20:52:38.126 INFO  Project configuration:
20:52:38.127 INFO    Excluded sources: **/.git/**, **/.idea/**, **/.vscode/**, **/.angular/**, **/node_modules/**, **/dist/**, **/build/**, **/coverage/**, **/target/**, **/.scannerwork/**, **/tmp/**, **/logs/**, documentation/**, materials/**, helm-charts/**/templates/**, review/results/**, review/sonarqube/**, **/Dockerfile, **/Dockerfile.*, **/docker-compose*.yml, docker/**, terraform/**/.terraform/**, run-reviews.sh/**, purge-data.sh/**, **/src/test/**, **/*.spec.ts, **/*.spec.tsx, **/*.test.ts, **/*.test.tsx, **/*.spec.js, **/*.test.js
20:52:38.127 INFO    Included tests: **/src/test/**, **/*.spec.ts, **/*.spec.tsx, **/*.test.ts, **/*.test.tsx, **/*.spec.js, **/*.test.js
20:52:38.128 INFO    Excluded sources for coverage: **/.git/**, **/.idea/**, **/.vscode/**, **/.angular/**, **/node_modules/**, **/dist/**, **/build/**, **/coverage/**, **/target/**, **/.scannerwork/**, **/tmp/**, **/logs/**, documentation/**, materials/**, helm-charts/**/templates/**, review/results/**, review/sonarqube/**, **/Dockerfile, **/Dockerfile.*, **/docker-compose*.yml, docker/**, terraform/**/.terraform/**, run-reviews.sh/**, purge-data.sh/**
20:52:38.128 INFO    Excluded sources for duplication: documentation/**, materials/**
20:52:48.130 INFO  64 files indexed...  (last one was configuration-frontend/tsconfig.app.json)
20:52:58.133 INFO  246 files indexed...  (last one was pom.xml)
20:53:08.135 INFO  495 files indexed...  (last one was atna-fhir-frontend/tsconfig.app.json)
20:53:18.136 INFO  716 files indexed...  (last one was registry-backend/src/main/java/com/nologo/application/register/service/FhirConsentClient.java)
20:53:28.137 INFO  721 files indexed...  (last one was sync-fhir-backend/src/test/java/com/nologo/application/syncfhir/SyncFhirBackendApplicationTest.java)
20:53:38.139 INFO  749 files indexed...  (last one was testing/integration-service/src/test/java/com/nologo/application/it/RemoteControlEndToEndIT.java)
20:53:48.140 INFO  761 files indexed...  (last one was sync-vna-backend/src/test/java/com/nologo/application/syncvna/SyncVnaBackendApplicationTest.java)
20:53:48.958 INFO  764 files indexed
20:53:48.958 INFO  408114 files ignored because of inclusion/exclusion patterns
20:53:48.979 INFO  Quality profile for css: Sonar way
20:53:48.979 INFO  Quality profile for java: Sonar way
20:53:48.979 INFO  Quality profile for js: Sonar way
20:53:48.979 INFO  Quality profile for json: Sonar way
20:53:48.979 INFO  Quality profile for ts: Sonar way
20:53:48.979 INFO  Quality profile for web: Sonar way
20:53:48.979 INFO  Quality profile for xml: Sonar way
20:53:48.979 INFO  Quality profile for yaml: Sonar way
20:53:48.980 INFO  ------------- Run sensors on module Clinical Platform
20:53:49.182 INFO  Load metrics repository
20:53:49.271 INFO  Load metrics repository (done) | time=89ms
20:53:50.922 INFO  Sensor JavaSensor [java]
20:53:50.933 INFO  Configured Java source version (sonar.java.source): none
20:53:50.941 INFO  JavaClasspath initialization
20:53:50.952 INFO  JavaClasspath initialization (done) | time=11ms
20:53:50.952 INFO  JavaTestClasspath initialization
20:53:50.955 INFO  JavaTestClasspath initialization (done) | time=3ms
20:53:50.969 INFO  Server-side caching is enabled. The Java analyzer will not try to leverage data from a previous analysis.
20:53:50.982 INFO  Using ECJ batch to parse 253 Main java source files with batch size 104 KB.
20:53:51.181 INFO  Starting batch processing.
20:53:51.938 INFO  The Java analyzer cannot skip unchanged files in this context. A full analysis is performed for all files.
20:54:01.185 INFO  8% analyzed
20:54:34.609 INFO  100% analyzed
20:54:34.610 INFO  Batch processing: Done.
20:54:34.611 INFO  Did not optimize analysis for any files, performed a full analysis for all 253 files.
20:54:34.644 WARN  Dependencies/libraries were not provided for analysis of SOURCE files. The 'sonar.java.libraries' property is empty. Verify your configuration, as you might end up with less precise results.
20:54:34.644 WARN  Dependencies/libraries were not provided for analysis of TEST files. The 'sonar.java.test.libraries' property is empty. Verify your configuration, as you might end up with less precise results.
20:54:34.659 WARN  Unresolved imports/types have been detected during analysis. Enable DEBUG mode to see them.
20:54:34.663 WARN  Use of preview features have been detected during analysis. Enable DEBUG mode to see them.
20:54:34.665 INFO  Using ECJ batch to parse 22 Test java source files with batch size 104 KB.
20:54:34.707 INFO  Starting batch processing.
20:54:36.091 INFO  100% analyzed
20:54:36.092 INFO  Batch processing: Done.
20:54:36.092 INFO  Did not optimize analysis for any files, performed a full analysis for all 22 files.
20:54:36.093 WARN  Unresolved imports/types have been detected during analysis. Enable DEBUG mode to see them.
20:54:36.094 WARN  Use of preview features have been detected during analysis. Enable DEBUG mode to see them.
20:54:36.094 INFO  No "Generated" source files to scan.
20:54:36.095 INFO  Sensor JavaSensor [java] (done) | time=45174ms
20:54:36.096 INFO  Sensor JaCoCo XML Report Importer [jacoco]
20:54:36.104 INFO  'sonar.coverage.jacoco.xmlReportPaths' is not defined. Using default locations: target/site/jacoco/jacoco.xml,target/site/jacoco-it/jacoco.xml,build/reports/jacoco/test/jacocoTestReport.xml
20:54:36.106 INFO  No report imported, no coverage information will be imported by JaCoCo XML Report Importer
20:54:36.106 INFO  Sensor JaCoCo XML Report Importer [jacoco] (done) | time=10ms
20:54:36.107 INFO  Sensor IaC CloudFormation Sensor [iac]
20:54:36.481 INFO  0 source files to be analyzed
20:54:36.638 INFO  0/0 source files have been analyzed
20:54:36.639 INFO  Sensor IaC CloudFormation Sensor [iac] (done) | time=532ms
20:54:36.639 INFO  Sensor IaC Kubernetes Sensor [iac]
20:54:36.748 INFO  0 source files to be analyzed
20:54:36.847 INFO  0/0 source files have been analyzed
20:54:36.847 INFO  Sensor IaC Kubernetes Sensor [iac] (done) | time=208ms
20:54:36.847 INFO  Sensor JavaScript analysis [javascript]
20:54:51.163 WARN  Node.js version 22 is not recommended, you might experience issues. Please use a recommended version of Node.js [16, 18]
20:54:51.264 INFO  6 source files to be analyzed
20:54:54.198 INFO  6/6 source files have been analyzed
20:54:54.199 INFO  Hit the cache for 0 out of 6
20:54:54.203 INFO  Miss the cache for 6 out of 6: ANALYSIS_MODE_INELIGIBLE [6/6]
20:54:54.203 INFO  Sensor JavaScript analysis [javascript] (done) | time=17356ms
20:54:54.203 INFO  Sensor TypeScript analysis [javascript]
20:54:54.229 INFO  Resolving TSConfig files using 'lightweight-emr-frontend/tsconfig.json,atna-fhir-frontend/tsconfig.json,remote-control-frontend/tsconfig.json,configuration-frontend/tsconfig.json' from property sonar.typescript.tsconfigPaths
20:54:54.232 INFO  Found 4 TSConfig file(s): [/usr/src/lightweight-emr-frontend/tsconfig.json, /usr/src/atna-fhir-frontend/tsconfig.json, /usr/src/remote-control-frontend/tsconfig.json, /usr/src/configuration-frontend/tsconfig.json]
20:54:54.233 INFO  79 source files to be analyzed
20:54:54.233 INFO  Creating TypeScript program
20:54:54.234 INFO  TypeScript configuration file /usr/src/lightweight-emr-frontend/tsconfig.json
20:54:57.189 INFO  Creating TypeScript program (done) | time=2956ms
20:54:57.190 INFO  Starting analysis with current program
20:54:59.621 INFO  Analyzed 27 file(s) with current program
20:54:59.630 INFO  Creating TypeScript program
20:54:59.630 INFO  TypeScript configuration file /usr/src/atna-fhir-frontend/tsconfig.json
20:55:04.241 INFO  27/79 files analyzed, current file: /usr/src/lightweight-emr-frontend/src/environments/environment.prod.ts
20:55:14.258 INFO  27/79 files analyzed, current file: /usr/src/lightweight-emr-frontend/src/environments/environment.prod.ts
20:55:24.013 INFO  27/79 files analyzed, current file: /usr/src/lightweight-emr-frontend/src/environments/environment.prod.ts
20:55:34.100 INFO  27/79 files analyzed, current file: /usr/src/lightweight-emr-frontend/src/environments/environment.prod.ts
20:55:34.636 INFO  Creating TypeScript program (done) | time=35006ms
20:55:34.637 INFO  Starting analysis with current program
20:55:37.271 INFO  Analyzed 21 file(s) with current program
20:55:37.275 INFO  Creating TypeScript program
20:55:37.275 INFO  TypeScript configuration file /usr/src/remote-control-frontend/tsconfig.json
20:55:40.131 INFO  Creating TypeScript program (done) | time=2856ms
20:55:40.131 INFO  Starting analysis with current program
20:55:42.021 INFO  Analyzed 17 file(s) with current program
20:55:42.024 INFO  Creating TypeScript program
20:55:42.025 INFO  TypeScript configuration file /usr/src/configuration-frontend/tsconfig.json
20:55:44.104 INFO  65/79 files analyzed, current file: /usr/src/remote-control-frontend/src/environments/environment.prod.ts
20:55:44.648 INFO  Creating TypeScript program (done) | time=2624ms
20:55:44.649 INFO  Starting analysis with current program
20:55:45.329 INFO  Analyzed 3 file(s) with current program
20:55:45.333 INFO  Skipped 11 file(s) because they were not part of any tsconfig.json (enable debug logs to see the full list)
20:55:45.334 INFO  79/79 source files have been analyzed
20:55:45.335 INFO  Hit the cache for 0 out of 68
20:55:45.336 INFO  Miss the cache for 68 out of 68: ANALYSIS_MODE_INELIGIBLE [68/68]
20:55:45.336 INFO  Sensor TypeScript analysis [javascript] (done) | time=51133ms
20:55:45.336 INFO  Sensor JavaScript inside YAML analysis [javascript]
20:55:45.404 INFO  No input files found for analysis
20:55:45.405 INFO  Hit the cache for 0 out of 0
20:55:45.405 INFO  Miss the cache for 0 out of 0
20:55:45.405 INFO  Sensor JavaScript inside YAML analysis [javascript] (done) | time=69ms
20:55:45.406 INFO  Sensor CSS Rules [javascript]
20:55:45.419 INFO  46 source files to be analyzed
20:55:46.630 INFO  46/46 source files have been analyzed
20:55:46.630 INFO  Hit the cache for 0 out of 0
20:55:46.630 INFO  Miss the cache for 0 out of 0
20:55:46.630 INFO  Sensor CSS Rules [javascript] (done) | time=1225ms
20:55:46.630 INFO  Sensor CSS Metrics [javascript]
20:55:46.783 INFO  Sensor CSS Metrics [javascript] (done) | time=153ms
20:55:46.784 INFO  Sensor C# Project Type Information [csharp]
20:55:46.786 INFO  Sensor C# Project Type Information [csharp] (done) | time=2ms
20:55:46.786 INFO  Sensor C# Analysis Log [csharp]
20:55:46.808 INFO  Sensor C# Analysis Log [csharp] (done) | time=22ms
20:55:46.808 INFO  Sensor C# Properties [csharp]
20:55:46.808 INFO  Sensor C# Properties [csharp] (done) | time=0ms
20:55:46.808 INFO  Sensor SurefireSensor [java]
20:55:46.809 INFO  parsing [/usr/src/target/surefire-reports]
20:55:46.811 INFO  Sensor SurefireSensor [java] (done) | time=3ms
20:55:46.811 INFO  Sensor HTML [web]
20:55:47.215 INFO  Sensor HTML [web] (done) | time=404ms
20:55:47.215 INFO  Sensor XML Sensor [xml]
20:55:47.221 INFO  43 source files to be analyzed
20:55:47.817 WARN  Unable to analyse file file:///usr/src/testing/vna/pom.xml;
20:55:47.881 WARN  Unable to analyse file file:///usr/src/ihe-domain-model/pom.xml;
20:55:47.882 WARN  Unable to analyse file file:///usr/src/testing/sync-fhir/README.xml;
20:55:47.884 WARN  Unable to analyse file file:///usr/src/ihe-domain-model/README.xml;
20:55:47.969 WARN  Unable to analyse file file:///usr/src/configuration-backend/src/main/resources/db/changelog/db.changelog-master.xml;
20:55:47.972 WARN  Unable to analyse file file:///usr/src/testing/sync-vna/README.xml;
20:55:48.592 INFO  43/43 source files have been analyzed
20:55:48.599 INFO  Sensor XML Sensor [xml] (done) | time=1383ms
20:55:48.601 INFO  Sensor TextAndSecretsSensor [text]
20:55:48.708 INFO  562 source files to be analyzed
20:55:50.178 INFO  562/562 source files have been analyzed
20:55:50.179 INFO  Sensor TextAndSecretsSensor [text] (done) | time=1577ms
20:55:50.179 INFO  Sensor VB.NET Project Type Information [vbnet]
20:55:50.185 INFO  Sensor VB.NET Project Type Information [vbnet] (done) | time=6ms
20:55:50.186 INFO  Sensor VB.NET Analysis Log [vbnet]
20:55:50.210 INFO  Sensor VB.NET Analysis Log [vbnet] (done) | time=24ms
20:55:50.210 INFO  Sensor VB.NET Properties [vbnet]
20:55:50.211 INFO  Sensor VB.NET Properties [vbnet] (done) | time=0ms
20:55:50.211 INFO  Sensor IaC Docker Sensor [iac]
20:55:50.224 INFO  0 source files to be analyzed
20:55:50.323 INFO  0/0 source files have been analyzed
20:55:50.323 INFO  Sensor IaC Docker Sensor [iac] (done) | time=112ms
20:55:50.335 INFO  ------------- Run sensors on project
20:55:50.546 INFO  Sensor Analysis Warnings import [csharp]
20:55:50.548 INFO  Sensor Analysis Warnings import [csharp] (done) | time=2ms
20:55:50.548 INFO  Sensor Zero Coverage Sensor
20:55:50.756 INFO  Sensor Zero Coverage Sensor (done) | time=208ms
20:55:50.756 INFO  Sensor Java CPD Block Indexer
20:55:51.004 INFO  Sensor Java CPD Block Indexer (done) | time=248ms
20:55:51.019 INFO  SCM Publisher No SCM system was detected. You can use the 'sonar.scm.provider' property to explicitly specify it.
20:55:51.069 INFO  CPD Executor 58 files had no CPD blocks
20:55:51.069 INFO  CPD Executor Calculating CPD for 290 files
20:55:51.340 INFO  CPD Executor CPD calculation finished (done) | time=270ms
20:55:52.251 INFO  Analysis report generated in 483ms, dir size=3.2 MB
20:56:01.746 INFO  Analysis report compressed in 9491ms, zip size=1.6 MB
20:56:07.876 INFO  EXECUTION FAILURE
20:56:07.878 INFO  Total time: 3:40.550s
