20:48:19.413 WARN  Property 'sonar.working.directory' with value '/tmp/.scannerwork' is overridden with value 'review/sonarqube/20260707234807/.scannerwork'
20:48:19.432 INFO  Scanner configuration file: /opt/sonar-scanner/conf/sonar-scanner.properties
20:48:19.433 INFO  Project root configuration file: NONE
20:48:19.464 INFO  SonarScanner CLI 8.0.1.6346
20:48:19.484 INFO  Linux 6.12.54-linuxkit amd64
20:48:21.248 INFO  Communicating with SonarQube Server 9.9.8.100196
20:48:22.607 INFO  Load global settings
20:48:22.696 INFO  Load global settings (done) | time=93ms
20:48:22.699 INFO  Server id: 147B411E-AZ8-N-QvNeEQPfIqUWTf
20:48:22.724 INFO  User cache: /tmp/sonar-user-home/cache
20:48:22.740 INFO  Load/download plugins
20:48:22.740 INFO  Load plugins index
20:48:22.798 INFO  Load plugins index (done) | time=58ms
20:48:24.593 INFO  Load/download plugins (done) | time=1853ms
20:48:25.325 INFO  Process project properties
20:48:25.333 INFO  Process project properties (done) | time=8ms
20:48:25.342 INFO  Execute project builders
20:48:25.344 INFO  Execute project builders (done) | time=2ms
20:48:25.351 INFO  Project key: clinical-platform
20:48:25.351 INFO  Base dir: /usr/src
20:48:25.351 INFO  Working dir: /usr/src/review/sonarqube/20260707234807/.scannerwork
20:48:25.363 INFO  Load project settings for component key: 'clinical-platform'
20:48:25.382 INFO  Load project settings for component key: 'clinical-platform' (done) | time=19ms
20:48:25.781 WARN  SCM provider autodetection failed. Please use "sonar.scm.provider" to define SCM of your project, or disable the SCM Sensor in the project settings.
20:48:25.827 INFO  Load quality profiles
20:48:25.893 INFO  Load quality profiles (done) | time=66ms
20:48:25.919 INFO  Load active rules
20:48:27.013 INFO  Load active rules (done) | time=1094ms
20:48:27.029 INFO  Load analysis cache
20:48:27.061 INFO  Load analysis cache | time=33ms
20:48:27.171 INFO  Load project repositories
20:48:27.193 INFO  Load project repositories (done) | time=22ms
20:48:27.249 INFO  Indexing files...
20:48:27.249 INFO  Project configuration:
20:48:27.251 INFO    Excluded sources: **/.git/**, **/.idea/**, **/.vscode/**, **/.angular/**, **/node_modules/**, **/dist/**, **/build/**, **/coverage/**, **/target/**, **/.scannerwork/**, **/tmp/**, **/logs/**, documentation/**, materials/**, helm-charts/**/templates/**, review/results/**, review/sonarqube/**, **/Dockerfile, **/Dockerfile.*, **/docker-compose*.yml, docker/**, terraform/**/.terraform/**, run-reviews.sh/**, purge-data.sh/**, **/src/test/**, **/*.spec.ts, **/*.spec.tsx, **/*.test.ts, **/*.test.tsx, **/*.spec.js, **/*.test.js
20:48:27.251 INFO    Included tests: **/src/test/**, **/*.spec.ts, **/*.spec.tsx, **/*.test.ts, **/*.test.tsx, **/*.spec.js, **/*.test.js
20:48:27.252 INFO    Excluded sources for coverage: **/.git/**, **/.idea/**, **/.vscode/**, **/.angular/**, **/node_modules/**, **/dist/**, **/build/**, **/coverage/**, **/target/**, **/.scannerwork/**, **/tmp/**, **/logs/**, documentation/**, materials/**, helm-charts/**/templates/**, review/results/**, review/sonarqube/**, **/Dockerfile, **/Dockerfile.*, **/docker-compose*.yml, docker/**, terraform/**/.terraform/**, run-reviews.sh/**, purge-data.sh/**
20:48:27.252 INFO    Excluded sources for duplication: documentation/**, materials/**
20:48:37.252 INFO  64 files indexed...  (last one was configuration-frontend/tsconfig.app.json)
20:48:47.255 INFO  437 files indexed...  (last one was testing/consent-testing-ui/tsconfig.app.json)
20:48:57.256 INFO  495 files indexed...  (last one was atna-fhir-frontend/tsconfig.app.json)
20:49:07.258 INFO  716 files indexed...  (last one was registry-backend/src/main/java/com/nologo/application/register/service/FhirConsentClient.java)
20:49:17.259 INFO  721 files indexed...  (last one was sync-fhir-backend/src/test/java/com/nologo/application/syncfhir/SyncFhirBackendApplicationTest.java)
20:49:27.260 INFO  764 files indexed...  (last one was remote-control-backend/src/test/resources/application-test.yml)
20:49:27.290 INFO  764 files indexed
20:49:27.291 INFO  408106 files ignored because of inclusion/exclusion patterns
20:49:27.314 INFO  Quality profile for css: Sonar way
20:49:27.315 INFO  Quality profile for java: Sonar way
20:49:27.315 INFO  Quality profile for js: Sonar way
20:49:27.315 INFO  Quality profile for json: Sonar way
20:49:27.315 INFO  Quality profile for ts: Sonar way
20:49:27.315 INFO  Quality profile for web: Sonar way
20:49:27.315 INFO  Quality profile for xml: Sonar way
20:49:27.315 INFO  Quality profile for yaml: Sonar way
20:49:27.315 INFO  ------------- Run sensors on module Clinical Platform
20:49:27.502 INFO  Load metrics repository
20:49:27.573 INFO  Load metrics repository (done) | time=71ms
20:49:29.344 INFO  Sensor JavaSensor [java]
20:49:29.355 INFO  Configured Java source version (sonar.java.source): none
20:49:29.364 INFO  JavaClasspath initialization
20:49:29.373 INFO  JavaClasspath initialization (done) | time=9ms
20:49:29.373 INFO  JavaTestClasspath initialization
20:49:29.377 INFO  JavaTestClasspath initialization (done) | time=4ms
20:49:29.396 INFO  Server-side caching is enabled. The Java analyzer will not try to leverage data from a previous analysis.
20:49:29.406 INFO  Using ECJ batch to parse 253 Main java source files with batch size 104 KB.
20:49:29.617 INFO  Starting batch processing.
20:49:30.504 INFO  The Java analyzer cannot skip unchanged files in this context. A full analysis is performed for all files.
20:49:39.620 INFO  8% analyzed
20:50:11.841 INFO  100% analyzed
20:50:11.842 INFO  Batch processing: Done.
20:50:11.843 INFO  Did not optimize analysis for any files, performed a full analysis for all 253 files.
20:50:11.880 WARN  Dependencies/libraries were not provided for analysis of SOURCE files. The 'sonar.java.libraries' property is empty. Verify your configuration, as you might end up with less precise results.
20:50:11.881 WARN  Dependencies/libraries were not provided for analysis of TEST files. The 'sonar.java.test.libraries' property is empty. Verify your configuration, as you might end up with less precise results.
20:50:11.895 WARN  Unresolved imports/types have been detected during analysis. Enable DEBUG mode to see them.
20:50:11.899 WARN  Use of preview features have been detected during analysis. Enable DEBUG mode to see them.
20:50:11.902 INFO  Using ECJ batch to parse 22 Test java source files with batch size 104 KB.
20:50:11.947 INFO  Starting batch processing.
20:50:13.386 INFO  100% analyzed
20:50:13.386 INFO  Batch processing: Done.
20:50:13.387 INFO  Did not optimize analysis for any files, performed a full analysis for all 22 files.
20:50:13.388 WARN  Unresolved imports/types have been detected during analysis. Enable DEBUG mode to see them.
20:50:13.391 WARN  Use of preview features have been detected during analysis. Enable DEBUG mode to see them.
20:50:13.391 INFO  No "Generated" source files to scan.
20:50:13.391 INFO  Sensor JavaSensor [java] (done) | time=44048ms
20:50:13.392 INFO  Sensor JaCoCo XML Report Importer [jacoco]
20:50:13.401 INFO  'sonar.coverage.jacoco.xmlReportPaths' is not defined. Using default locations: target/site/jacoco/jacoco.xml,target/site/jacoco-it/jacoco.xml,build/reports/jacoco/test/jacocoTestReport.xml
20:50:13.404 INFO  No report imported, no coverage information will be imported by JaCoCo XML Report Importer
20:50:13.404 INFO  Sensor JaCoCo XML Report Importer [jacoco] (done) | time=12ms
20:50:13.405 INFO  Sensor IaC CloudFormation Sensor [iac]
20:50:13.754 INFO  0 source files to be analyzed
20:50:13.881 INFO  0/0 source files have been analyzed
20:50:13.881 INFO  Sensor IaC CloudFormation Sensor [iac] (done) | time=476ms
20:50:13.882 INFO  Sensor IaC Kubernetes Sensor [iac]
20:50:14.190 INFO  0 source files to be analyzed
20:50:14.348 INFO  0/0 source files have been analyzed
20:50:14.349 INFO  Sensor IaC Kubernetes Sensor [iac] (done) | time=467ms
20:50:14.351 INFO  Sensor JavaScript analysis [javascript]
20:50:28.244 WARN  Node.js version 22 is not recommended, you might experience issues. Please use a recommended version of Node.js [16, 18]
20:50:28.361 INFO  6 source files to be analyzed
20:50:31.274 INFO  6/6 source files have been analyzed
20:50:31.275 INFO  Hit the cache for 0 out of 6
20:50:31.278 INFO  Miss the cache for 6 out of 6: ANALYSIS_MODE_INELIGIBLE [6/6]
20:50:31.278 INFO  Sensor JavaScript analysis [javascript] (done) | time=16927ms
20:50:31.278 INFO  Sensor TypeScript analysis [javascript]
20:50:31.300 INFO  Resolving TSConfig files using 'lightweight-emr-frontend/tsconfig.json,atna-fhir-frontend/tsconfig.json,remote-control-frontend/tsconfig.json,configuration-frontend/tsconfig.json' from property sonar.typescript.tsconfigPaths
20:50:31.302 INFO  Found 4 TSConfig file(s): [/usr/src/lightweight-emr-frontend/tsconfig.json, /usr/src/atna-fhir-frontend/tsconfig.json, /usr/src/remote-control-frontend/tsconfig.json, /usr/src/configuration-frontend/tsconfig.json]
20:50:31.303 INFO  79 source files to be analyzed
20:50:31.304 INFO  Creating TypeScript program
20:50:31.305 INFO  TypeScript configuration file /usr/src/lightweight-emr-frontend/tsconfig.json
20:50:34.261 INFO  Creating TypeScript program (done) | time=2957ms
20:50:34.261 INFO  Starting analysis with current program
20:50:36.369 INFO  Analyzed 27 file(s) with current program
20:50:36.373 INFO  Creating TypeScript program
20:50:36.373 INFO  TypeScript configuration file /usr/src/atna-fhir-frontend/tsconfig.json
20:50:39.645 INFO  Creating TypeScript program (done) | time=3272ms
20:50:39.645 INFO  Starting analysis with current program
20:50:41.307 INFO  37/79 files analyzed, current file: /usr/src/atna-fhir-frontend/src/app/features/dashboard/components/top-bar/top-bar.component.ts
20:50:42.205 INFO  Analyzed 21 file(s) with current program
20:50:42.208 INFO  Creating TypeScript program
20:50:42.208 INFO  TypeScript configuration file /usr/src/remote-control-frontend/tsconfig.json
20:50:45.268 INFO  Creating TypeScript program (done) | time=3060ms
20:50:45.268 INFO  Starting analysis with current program
20:50:49.500 INFO  Analyzed 17 file(s) with current program
20:50:49.522 INFO  Creating TypeScript program
20:50:49.524 INFO  TypeScript configuration file /usr/src/configuration-frontend/tsconfig.json
20:50:51.324 INFO  65/79 files analyzed, current file: /usr/src/remote-control-frontend/src/environments/environment.prod.ts
20:51:01.365 INFO  65/79 files analyzed, current file: /usr/src/remote-control-frontend/src/environments/environment.prod.ts
20:51:06.324 INFO  Hit the cache for 0 out of 65
20:51:06.327 INFO  Miss the cache for 65 out of 65: ANALYSIS_MODE_INELIGIBLE [65/65]
20:51:06.328 INFO  Sensor TypeScript analysis [javascript] (done) | time=35050ms
20:51:06.328 INFO  Sensor JavaScript inside YAML analysis [javascript]
20:51:06.468 INFO  No input files found for analysis
20:51:06.469 INFO  Hit the cache for 0 out of 0
20:51:06.471 INFO  Miss the cache for 0 out of 0
20:51:06.472 INFO  Sensor JavaScript inside YAML analysis [javascript] (done) | time=144ms
20:51:06.472 INFO  Sensor CSS Rules [javascript]
20:51:06.492 INFO  Hit the cache for 0 out of 0
20:51:06.493 INFO  Miss the cache for 0 out of 0
20:51:06.493 INFO  Sensor CSS Rules [javascript] (done) | time=21ms
20:51:06.493 INFO  Sensor CSS Metrics [javascript]
20:51:06.703 INFO  Sensor CSS Metrics [javascript] (done) | time=210ms
20:51:06.703 INFO  Sensor C# Project Type Information [csharp]
20:51:06.706 INFO  Sensor C# Project Type Information [csharp] (done) | time=3ms
20:51:06.706 INFO  Sensor C# Analysis Log [csharp]
20:51:06.728 INFO  Sensor C# Analysis Log [csharp] (done) | time=22ms
20:51:06.728 INFO  Sensor C# Properties [csharp]
20:51:06.729 INFO  Sensor C# Properties [csharp] (done) | time=1ms
20:51:06.729 INFO  Sensor SurefireSensor [java]
20:51:06.730 INFO  parsing [/usr/src/target/surefire-reports]
20:51:06.731 INFO  Sensor SurefireSensor [java] (done) | time=2ms
20:51:06.731 INFO  Sensor HTML [web]
20:51:07.211 INFO  Sensor HTML [web] (done) | time=480ms
20:51:07.212 INFO  Sensor XML Sensor [xml]
20:51:07.220 INFO  43 source files to be analyzed
20:51:08.355 WARN  Unable to analyse file file:///usr/src/testing/vna/pom.xml;
20:51:08.471 WARN  Unable to analyse file file:///usr/src/ihe-domain-model/pom.xml;
20:51:08.473 WARN  Unable to analyse file file:///usr/src/testing/sync-fhir/README.xml;
20:51:08.476 WARN  Unable to analyse file file:///usr/src/ihe-domain-model/README.xml;
20:51:09.023 WARN  Unable to analyse file file:///usr/src/configuration-backend/src/main/resources/db/changelog/db.changelog-master.xml;
20:51:09.036 WARN  Unable to analyse file file:///usr/src/testing/sync-vna/README.xml;
20:51:09.347 INFO  43/43 source files have been analyzed
20:51:09.348 INFO  Sensor XML Sensor [xml] (done) | time=2136ms
20:51:09.350 INFO  Sensor TextAndSecretsSensor [text]
20:51:09.445 INFO  562 source files to be analyzed
20:51:11.031 INFO  562/562 source files have been analyzed
20:51:11.031 INFO  Sensor TextAndSecretsSensor [text] (done) | time=1681ms
20:51:11.032 INFO  Sensor VB.NET Project Type Information [vbnet]
20:51:11.037 INFO  Sensor VB.NET Project Type Information [vbnet] (done) | time=5ms
20:51:11.037 INFO  Sensor VB.NET Analysis Log [vbnet]
20:51:11.052 INFO  Sensor VB.NET Analysis Log [vbnet] (done) | time=15ms
20:51:11.052 INFO  Sensor VB.NET Properties [vbnet]
20:51:11.053 INFO  Sensor VB.NET Properties [vbnet] (done) | time=0ms
20:51:11.053 INFO  Sensor IaC Docker Sensor [iac]
20:51:11.066 INFO  0 source files to be analyzed
20:51:11.149 INFO  0/0 source files have been analyzed
20:51:11.149 INFO  Sensor IaC Docker Sensor [iac] (done) | time=96ms
20:51:11.162 INFO  ------------- Run sensors on project
20:51:11.329 INFO  Sensor Analysis Warnings import [csharp]
20:51:11.330 INFO  Sensor Analysis Warnings import [csharp] (done) | time=1ms
20:51:11.330 INFO  Sensor Zero Coverage Sensor
20:51:11.515 INFO  Sensor Zero Coverage Sensor (done) | time=185ms
20:51:11.515 INFO  Sensor Java CPD Block Indexer
20:51:11.764 INFO  Sensor Java CPD Block Indexer (done) | time=249ms
20:51:11.774 INFO  SCM Publisher No SCM system was detected. You can use the 'sonar.scm.provider' property to explicitly specify it.
20:51:11.814 INFO  CPD Executor 57 files had no CPD blocks
20:51:11.815 INFO  CPD Executor Calculating CPD for 288 files
20:51:12.038 INFO  CPD Executor CPD calculation finished (done) | time=223ms
20:51:12.891 INFO  Analysis report generated in 417ms, dir size=3.2 MB
20:51:22.536 INFO  Analysis report compressed in 9640ms, zip size=1.6 MB
20:51:22.733 INFO  Analysis report uploaded in 192ms
20:51:22.748 INFO  ------------- Check Quality Gate status
20:51:22.752 INFO  Waiting for the analysis report to be processed (max 900s)
20:51:39.235 INFO  EXECUTION FAILURE
20:51:39.239 INFO  Total time: 3:19.810s
