20:19:58.527 WARN  Property 'sonar.working.directory' with value '/tmp/.scannerwork' is overridden with value 'review/sonarqube/20260707231952/.scannerwork'
20:19:58.548 INFO  Scanner configuration file: /opt/sonar-scanner/conf/sonar-scanner.properties
20:19:58.549 INFO  Project root configuration file: NONE
20:19:58.584 INFO  SonarScanner CLI 8.0.1.6346
20:19:58.603 INFO  Linux 6.12.54-linuxkit amd64
20:20:00.269 INFO  Communicating with SonarQube Server 9.9.8.100196
20:20:01.453 INFO  Load global settings
20:20:01.514 INFO  Load global settings (done) | time=64ms
20:20:01.518 INFO  Server id: 147B411E-AZ8-N-QvNeEQPfIqUWTf
20:20:01.541 INFO  User cache: /tmp/sonar-user-home/cache
20:20:01.553 INFO  Load/download plugins
20:20:01.553 INFO  Load plugins index
20:20:01.595 INFO  Load plugins index (done) | time=42ms
20:20:03.381 INFO  Load/download plugins (done) | time=1828ms
20:20:04.018 INFO  Process project properties
20:20:04.025 INFO  Process project properties (done) | time=7ms
20:20:04.032 INFO  Execute project builders
20:20:04.034 INFO  Execute project builders (done) | time=1ms
20:20:04.041 INFO  Project key: clinical-platform
20:20:04.041 INFO  Base dir: /usr/src
20:20:04.041 INFO  Working dir: /usr/src/review/sonarqube/20260707231952/.scannerwork
20:20:04.053 INFO  Load project settings for component key: 'clinical-platform'
20:20:04.094 INFO  Load project settings for component key: 'clinical-platform' (done) | time=41ms
20:20:04.483 WARN  SCM provider autodetection failed. Please use "sonar.scm.provider" to define SCM of your project, or disable the SCM Sensor in the project settings.
20:20:04.504 INFO  Load quality profiles
20:20:04.595 INFO  Load quality profiles (done) | time=91ms
20:20:04.624 INFO  Load active rules
20:20:05.703 INFO  Load active rules (done) | time=1078ms
20:20:05.721 INFO  Load analysis cache
20:20:05.770 INFO  Load analysis cache | time=49ms
20:20:05.889 INFO  EXECUTION FAILURE
20:20:05.893 INFO  Total time: 7.351s
