20:56:57.964 WARN  Property 'sonar.working.directory' with value '/tmp/.scannerwork' is overridden with value 'review/sonarqube/20260707235630/.scannerwork'
20:56:57.989 INFO  Scanner configuration file: /opt/sonar-scanner/conf/sonar-scanner.properties
20:56:57.991 INFO  Project root configuration file: NONE
20:56:58.033 INFO  SonarScanner CLI 8.0.1.6346
20:56:58.067 INFO  Linux 6.12.54-linuxkit amd64
20:57:00.298 INFO  Communicating with SonarQube Server 9.9.8.100196
20:57:02.392 INFO  Load global settings
20:57:02.502 INFO  Load global settings (done) | time=115ms
20:57:02.506 INFO  Server id: 147B411E-AZ8-N-QvNeEQPfIqUWTf
20:57:02.527 INFO  User cache: /tmp/sonar-user-home/cache
20:57:02.540 INFO  Load/download plugins
20:57:02.540 INFO  Load plugins index
20:57:02.616 INFO  Load plugins index (done) | time=76ms
20:57:04.826 INFO  Load/download plugins (done) | time=2286ms
20:57:05.639 INFO  Process project properties
20:57:05.647 INFO  Process project properties (done) | time=8ms
20:57:05.655 INFO  Execute project builders
20:57:05.657 INFO  Execute project builders (done) | time=1ms
20:57:05.665 INFO  Project key: clinical-platform
20:57:05.665 INFO  Base dir: /usr/src
20:57:05.665 INFO  Working dir: /usr/src/review/sonarqube/20260707235630/.scannerwork
20:57:05.682 INFO  Load project settings for component key: 'clinical-platform'
20:57:05.751 INFO  Load project settings for component key: 'clinical-platform' (done) | time=69ms
20:57:06.144 WARN  SCM provider autodetection failed. Please use "sonar.scm.provider" to define SCM of your project, or disable the SCM Sensor in the project settings.
20:57:06.168 INFO  Load quality profiles
20:57:06.275 INFO  Load quality profiles (done) | time=107ms
20:57:06.335 INFO  Load active rules
20:57:08.082 INFO  Load active rules (done) | time=1747ms
20:57:08.107 INFO  Load analysis cache
20:57:08.168 INFO  Load analysis cache | time=61ms
20:57:08.305 INFO  Load project repositories
20:57:08.346 INFO  Load project repositories (done) | time=41ms
20:57:08.410 INFO  Indexing files...
20:57:08.411 INFO  Project configuration:
20:57:08.412 INFO    Excluded sources: **/.git/**, **/.idea/**, **/.vscode/**, **/.angular/**, **/node_modules/**, **/dist/**, **/build/**, **/coverage/**, **/target/**, **/.scannerwork/**, **/tmp/**, **/logs/**, documentation/**, materials/**, helm-charts/**/templates/**, review/results/**, review/sonarqube/**, **/Dockerfile, **/Dockerfile.*, **/docker-compose*.yml, docker/**, terraform/**/.terraform/**, run-reviews.sh/**, purge-data.sh/**, **/src/test/**, **/*.spec.ts, **/*.spec.tsx, **/*.test.ts, **/*.test.tsx, **/*.spec.js, **/*.test.js
20:57:08.412 INFO    Included tests: **/src/test/**, **/*.spec.ts, **/*.spec.tsx, **/*.test.ts, **/*.test.tsx, **/*.spec.js, **/*.test.js
20:57:08.413 INFO    Excluded sources for coverage: **/.git/**, **/.idea/**, **/.vscode/**, **/.angular/**, **/node_modules/**, **/dist/**, **/build/**, **/coverage/**, **/target/**, **/.scannerwork/**, **/tmp/**, **/logs/**, documentation/**, materials/**, helm-charts/**/templates/**, review/results/**, review/sonarqube/**, **/Dockerfile, **/Dockerfile.*, **/docker-compose*.yml, docker/**, terraform/**/.terraform/**, run-reviews.sh/**, purge-data.sh/**
20:57:08.413 INFO    Excluded sources for duplication: documentation/**, materials/**
20:57:18.410 INFO  64 files indexed...  (last one was configuration-frontend/tsconfig.app.json)
20:57:28.413 INFO  170 files indexed...  (last one was lightweight-emr-frontend/tsconfig.app.json)
20:57:38.415 INFO  437 files indexed...  (last one was testing/consent-testing-ui/tsconfig.app.json)
20:57:48.410 INFO  495 files indexed...  (last one was atna-fhir-frontend/tsconfig.app.json)
20:57:58.415 INFO  716 files indexed...  (last one was registry-backend/src/main/java/com/nologo/application/register/service/FhirConsentClient.java)
20:58:08.416 INFO  721 files indexed...  (last one was sync-fhir-backend/src/test/java/com/nologo/application/syncfhir/SyncFhirBackendApplicationTest.java)
20:58:18.427 INFO  749 files indexed...  (last one was testing/integration-service/src/test/java/com/nologo/application/it/RemoteControlEndToEndIT.java)
20:58:28.428 INFO  761 files indexed...  (last one was sync-vna-backend/src/test/java/com/nologo/application/syncvna/SyncVnaBackendApplicationTest.java)
20:58:33.540 INFO  764 files indexed
20:58:33.541 INFO  408117 files ignored because of inclusion/exclusion patterns
20:58:33.553 INFO  Quality profile for css: Sonar way
20:58:33.553 INFO  Quality profile for java: Sonar way
20:58:33.553 INFO  Quality profile for js: Sonar way
20:58:33.553 INFO  Quality profile for json: Sonar way
20:58:33.553 INFO  Quality profile for ts: Sonar way
20:58:33.553 INFO  Quality profile for web: Sonar way
20:58:33.553 INFO  Quality profile for xml: Sonar way
20:58:33.553 INFO  Quality profile for yaml: Sonar way
20:58:33.554 INFO  ------------- Run sensors on module Clinical Platform
20:58:33.784 INFO  Load metrics repository
20:58:33.910 INFO  Load metrics repository (done) | time=126ms
20:58:35.703 INFO  Sensor JavaSensor [java]
20:58:35.716 INFO  Configured Java source version (sonar.java.source): none
20:58:35.723 INFO  JavaClasspath initialization
20:58:35.735 INFO  JavaClasspath initialization (done) | time=12ms
20:58:35.736 INFO  JavaTestClasspath initialization
20:58:35.738 INFO  JavaTestClasspath initialization (done) | time=2ms
20:58:35.755 INFO  Server-side caching is enabled. The Java analyzer will not try to leverage data from a previous analysis.
20:58:35.764 INFO  Using ECJ batch to parse 253 Main java source files with batch size 104 KB.
20:58:35.970 INFO  Starting batch processing.
20:58:36.741 INFO  The Java analyzer cannot skip unchanged files in this context. A full analysis is performed for all files.
20:59:18.127 INFO  100% analyzed
20:59:18.128 INFO  Batch processing: Done.
20:59:18.130 INFO  Did not optimize analysis for any files, performed a full analysis for all 253 files.
20:59:18.164 WARN  Dependencies/libraries were not provided for analysis of SOURCE files. The 'sonar.java.libraries' property is empty. Verify your configuration, as you might end up with less precise results.
20:59:18.164 WARN  Dependencies/libraries were not provided for analysis of TEST files. The 'sonar.java.test.libraries' property is empty. Verify your configuration, as you might end up with less precise results.
20:59:18.178 WARN  Unresolved imports/types have been detected during analysis. Enable DEBUG mode to see them.
20:59:18.181 WARN  Use of preview features have been detected during analysis. Enable DEBUG mode to see them.
20:59:18.183 INFO  Using ECJ batch to parse 22 Test java source files with batch size 104 KB.
20:59:18.223 INFO  Starting batch processing.
20:59:20.219 INFO  100% analyzed
20:59:20.223 INFO  Batch processing: Done.
20:59:20.224 INFO  Did not optimize analysis for any files, performed a full analysis for all 22 files.
20:59:20.228 WARN  Unresolved imports/types have been detected during analysis. Enable DEBUG mode to see them.
20:59:20.231 WARN  Use of preview features have been detected during analysis. Enable DEBUG mode to see them.
20:59:20.232 INFO  No "Generated" source files to scan.
20:59:20.232 INFO  Sensor JavaSensor [java] (done) | time=44530ms
20:59:20.233 INFO  Sensor JaCoCo XML Report Importer [jacoco]
20:59:20.275 INFO  'sonar.coverage.jacoco.xmlReportPaths' is not defined. Using default locations: target/site/jacoco/jacoco.xml,target/site/jacoco-it/jacoco.xml,build/reports/jacoco/test/jacocoTestReport.xml
20:59:20.288 INFO  No report imported, no coverage information will be imported by JaCoCo XML Report Importer
20:59:20.289 INFO  Sensor JaCoCo XML Report Importer [jacoco] (done) | time=56ms
20:59:20.289 INFO  Sensor IaC CloudFormation Sensor [iac]
20:59:20.648 INFO  0 source files to be analyzed
20:59:20.784 INFO  0/0 source files have been analyzed
20:59:20.785 INFO  Sensor IaC CloudFormation Sensor [iac] (done) | time=495ms
20:59:20.785 INFO  Sensor IaC Kubernetes Sensor [iac]
20:59:20.880 INFO  0 source files to be analyzed
20:59:20.982 INFO  0/0 source files have been analyzed
20:59:20.982 INFO  Sensor IaC Kubernetes Sensor [iac] (done) | time=197ms
20:59:20.982 INFO  Sensor JavaScript analysis [javascript]
20:59:35.143 WARN  Node.js version 22 is not recommended, you might experience issues. Please use a recommended version of Node.js [16, 18]
20:59:35.244 INFO  6 source files to be analyzed
20:59:37.989 INFO  6/6 source files have been analyzed
20:59:37.990 INFO  Hit the cache for 0 out of 6
20:59:37.992 INFO  Miss the cache for 6 out of 6: ANALYSIS_MODE_INELIGIBLE [6/6]
20:59:37.992 INFO  Sensor JavaScript analysis [javascript] (done) | time=17010ms
20:59:37.993 INFO  Sensor TypeScript analysis [javascript]
20:59:38.014 INFO  Resolving TSConfig files using 'lightweight-emr-frontend/tsconfig.json,atna-fhir-frontend/tsconfig.json,remote-control-frontend/tsconfig.json,configuration-frontend/tsconfig.json' from property sonar.typescript.tsconfigPaths
20:59:38.016 INFO  Found 4 TSConfig file(s): [/usr/src/lightweight-emr-frontend/tsconfig.json, /usr/src/atna-fhir-frontend/tsconfig.json, /usr/src/remote-control-frontend/tsconfig.json, /usr/src/configuration-frontend/tsconfig.json]
20:59:38.017 INFO  79 source files to be analyzed
20:59:38.018 INFO  Creating TypeScript program
20:59:38.018 INFO  TypeScript configuration file /usr/src/lightweight-emr-frontend/tsconfig.json
20:59:40.819 INFO  Creating TypeScript program (done) | time=2801ms
20:59:40.819 INFO  Starting analysis with current program
20:59:42.770 INFO  Analyzed 27 file(s) with current program
20:59:42.775 INFO  Creating TypeScript program
20:59:42.775 INFO  TypeScript configuration file /usr/src/atna-fhir-frontend/tsconfig.json
20:59:45.793 INFO  Creating TypeScript program (done) | time=3018ms
20:59:45.793 INFO  Starting analysis with current program
20:59:48.019 INFO  45/79 files analyzed, current file: /usr/src/atna-fhir-frontend/src/app/core/services/idle-timeout.service.ts
20:59:48.122 INFO  Analyzed 21 file(s) with current program
20:59:48.125 INFO  Creating TypeScript program
20:59:48.126 INFO  TypeScript configuration file /usr/src/remote-control-frontend/tsconfig.json
20:59:51.140 INFO  Creating TypeScript program (done) | time=3015ms
20:59:51.141 INFO  Starting analysis with current program
20:59:53.085 INFO  Analyzed 17 file(s) with current program
20:59:53.087 INFO  Creating TypeScript program
20:59:53.087 INFO  TypeScript configuration file /usr/src/configuration-frontend/tsconfig.json
20:59:55.453 INFO  Creating TypeScript program (done) | time=2366ms
20:59:55.453 INFO  Starting analysis with current program
20:59:56.095 INFO  Analyzed 3 file(s) with current program
20:59:56.098 INFO  Skipped 11 file(s) because they were not part of any tsconfig.json (enable debug logs to see the full list)
20:59:56.099 INFO  79/79 source files have been analyzed
20:59:56.100 INFO  Hit the cache for 0 out of 68
20:59:56.101 INFO  Miss the cache for 68 out of 68: ANALYSIS_MODE_INELIGIBLE [68/68]
20:59:56.102 INFO  Sensor TypeScript analysis [javascript] (done) | time=18110ms
20:59:56.102 INFO  Sensor JavaScript inside YAML analysis [javascript]
20:59:56.143 INFO  No input files found for analysis
20:59:56.144 INFO  Hit the cache for 0 out of 0
20:59:56.144 INFO  Miss the cache for 0 out of 0
20:59:56.144 INFO  Sensor JavaScript inside YAML analysis [javascript] (done) | time=42ms
20:59:56.144 INFO  Sensor CSS Rules [javascript]
20:59:56.157 INFO  46 source files to be analyzed
20:59:56.960 INFO  46/46 source files have been analyzed
20:59:56.961 INFO  Hit the cache for 0 out of 0
20:59:56.961 INFO  Miss the cache for 0 out of 0
20:59:56.961 INFO  Sensor CSS Rules [javascript] (done) | time=817ms
20:59:56.961 INFO  Sensor CSS Metrics [javascript]
20:59:57.090 INFO  Sensor CSS Metrics [javascript] (done) | time=129ms
20:59:57.090 INFO  Sensor C# Project Type Information [csharp]
20:59:57.092 INFO  Sensor C# Project Type Information [csharp] (done) | time=2ms
20:59:57.093 INFO  Sensor C# Analysis Log [csharp]
20:59:57.112 INFO  Sensor C# Analysis Log [csharp] (done) | time=19ms
20:59:57.113 INFO  Sensor C# Properties [csharp]
20:59:57.113 INFO  Sensor C# Properties [csharp] (done) | time=0ms
20:59:57.113 INFO  Sensor SurefireSensor [java]
20:59:57.114 INFO  parsing [/usr/src/target/surefire-reports]
20:59:57.115 INFO  Sensor SurefireSensor [java] (done) | time=2ms
20:59:57.115 INFO  Sensor HTML [web]
20:59:57.516 INFO  Sensor HTML [web] (done) | time=401ms
20:59:57.516 INFO  Sensor XML Sensor [xml]
20:59:57.522 INFO  43 source files to be analyzed
20:59:58.076 WARN  Unable to analyse file file:///usr/src/testing/vna/pom.xml;
20:59:58.140 WARN  Unable to analyse file file:///usr/src/ihe-domain-model/pom.xml;
20:59:58.143 WARN  Unable to analyse file file:///usr/src/testing/sync-fhir/README.xml;
20:59:58.144 WARN  Unable to analyse file file:///usr/src/ihe-domain-model/README.xml;
20:59:58.467 WARN  Unable to analyse file file:///usr/src/configuration-backend/src/main/resources/db/changelog/db.changelog-master.xml;
20:59:58.494 WARN  Unable to analyse file file:///usr/src/testing/sync-vna/README.xml;
20:59:58.880 INFO  43/43 source files have been analyzed
20:59:58.881 INFO  Sensor XML Sensor [xml] (done) | time=1365ms
20:59:58.882 INFO  Sensor TextAndSecretsSensor [text]
20:59:58.971 INFO  562 source files to be analyzed
21:00:00.548 INFO  562/562 source files have been analyzed
21:00:00.549 INFO  Sensor TextAndSecretsSensor [text] (done) | time=1666ms
21:00:00.549 INFO  Sensor VB.NET Project Type Information [vbnet]
21:00:00.557 INFO  Sensor VB.NET Project Type Information [vbnet] (done) | time=8ms
21:00:00.558 INFO  Sensor VB.NET Analysis Log [vbnet]
21:00:00.583 INFO  Sensor VB.NET Analysis Log [vbnet] (done) | time=25ms
21:00:00.584 INFO  Sensor VB.NET Properties [vbnet]
21:00:00.585 INFO  Sensor VB.NET Properties [vbnet] (done) | time=2ms
21:00:00.585 INFO  Sensor IaC Docker Sensor [iac]
21:00:00.610 INFO  0 source files to be analyzed
21:00:00.757 INFO  0/0 source files have been analyzed
21:00:00.757 INFO  Sensor IaC Docker Sensor [iac] (done) | time=172ms
21:00:00.774 INFO  ------------- Run sensors on project
21:00:01.004 INFO  Sensor Analysis Warnings import [csharp]
21:00:01.006 INFO  Sensor Analysis Warnings import [csharp] (done) | time=2ms
21:00:01.006 INFO  Sensor Zero Coverage Sensor
21:00:01.219 INFO  Sensor Zero Coverage Sensor (done) | time=213ms
21:00:01.220 INFO  Sensor Java CPD Block Indexer
21:00:01.533 INFO  Sensor Java CPD Block Indexer (done) | time=313ms
21:00:01.543 INFO  SCM Publisher No SCM system was detected. You can use the 'sonar.scm.provider' property to explicitly specify it.
21:00:01.590 INFO  CPD Executor 58 files had no CPD blocks
21:00:01.591 INFO  CPD Executor Calculating CPD for 290 files
21:00:01.878 INFO  CPD Executor CPD calculation finished (done) | time=286ms
21:00:02.907 INFO  Analysis report generated in 594ms, dir size=3.2 MB
21:00:12.438 INFO  Analysis report compressed in 9529ms, zip size=1.6 MB
21:00:12.565 INFO  Analysis report uploaded in 125ms
21:00:12.572 INFO  ------------- Check Quality Gate status
21:00:12.574 INFO  Waiting for the analysis report to be processed (max 900s)
21:00:29.008 INFO  EXECUTION FAILURE
21:00:29.014 INFO  Total time: 3:31.029s
